0.002	3	/good	OutInterest	0
0.207	3	/good	OutInterest	1
0.409	3	/good	OutInterest	2
0.610	3	/good	OutInterest	3
0.811	3	/good	OutInterest	4
0.902	3	/good	InData	0
1.013	3	/good	OutInterest	5
1.039	3	/good	InData	1
1.214	3	/good	OutInterest	6
1.239	3	/good	InData	2
1.416	3	/good	OutInterest	7
1.434	3	/good	InData	3
1.618	3	/good	OutInterest	8
1.636	3	/good	InData	4
1.819	3	/good	OutInterest	9
1.836	3	/good	InData	5
2.021	3	/good	OutInterest	10
2.039	3	/good	InData	6
2.222	3	/good	OutInterest	11
2.241	3	/good	InData	7
2.423	3	/good	OutInterest	12
2.439	3	/good	InData	8
2.624	3	/good	OutInterest	13
2.644	3	/good	InData	9
2.826	3	/good	OutInterest	14
2.845	3	/good	InData	10
3.027	3	/good	OutInterest	15
3.046	3	/good	InData	11
3.228	3	/good	OutInterest	16
3.247	3	/good	InData	12
3.430	3	/good	OutInterest	17
3.447	3	/good	InData	13
3.631	3	/good	OutInterest	18
3.648	3	/good	InData	14
3.832	3	/good	OutInterest	19
3.851	3	/good	InData	15
4.034	3	/good	OutInterest	20
4.051	3	/good	InData	16
4.235	3	/good	OutInterest	21
4.252	3	/good	InData	17
4.436	3	/good	OutInterest	22
4.455	3	/good	InData	18
4.637	3	/good	OutInterest	23
4.658	3	/good	InData	19
4.839	3	/good	OutInterest	24
4.856	3	/good	InData	20
5.039	3	/good	OutInterest	25
5.058	3	/good	InData	21
5.240	3	/good	OutInterest	26
5.260	3	/good	InData	22
5.442	3	/good	OutInterest	27
5.462	3	/good	InData	23
5.643	3	/good	OutInterest	28
5.663	3	/good	InData	24
5.845	3	/good	OutInterest	29
5.906	3	/good	InData	25
6.046	3	/good	OutInterest	30
6.068	3	/good	InData	26
6.248	3	/good	OutInterest	31
6.263	3	/good	InData	27
6.448	3	/good	OutInterest	32
6.468	3	/good	InData	28
6.649	3	/good	OutInterest	33
6.669	3	/good	InData	29
6.850	3	/good	OutInterest	34
6.869	3	/good	InData	30
7.051	3	/good	OutInterest	35
7.071	3	/good	InData	31
7.253	3	/good	OutInterest	36
7.270	3	/good	InData	32
7.454	3	/good	OutInterest	37
7.473	3	/good	InData	33
7.655	3	/good	OutInterest	38
7.673	3	/good	InData	34
7.856	3	/good	OutInterest	39
7.873	3	/good	InData	35
8.058	3	/good	OutInterest	40
8.073	3	/good	InData	36
8.259	3	/good	OutInterest	41
8.281	3	/good	InData	37
8.477	3	/good	InData	38
8.507	3	/good	OutInterest	42
8.678	3	/good	InData	39
8.708	3	/good	OutInterest	43
8.883	3	/good	InData	40
8.909	3	/good	OutInterest	44
9.110	3	/good	OutInterest	45
9.131	3	/good	InData	41
9.311	3	/good	OutInterest	46
9.332	3	/good	InData	42
9.513	3	/good	OutInterest	47
9.537	3	/good	InData	43
9.714	3	/good	OutInterest	48
9.733	3	/good	InData	44
9.915	3	/good	OutInterest	49
9.934	3	/good	InData	45
10.117	3	/good	OutInterest	50
10.134	3	/good	InData	46
10.318	3	/good	OutInterest	51
10.338	3	/good	InData	47
10.519	3	/good	OutInterest	52
10.539	3	/good	InData	48
10.721	3	/good	OutInterest	53
10.737	3	/good	InData	49
10.922	3	/good	OutInterest	54
10.959	3	/good	InData	50
11.124	3	/good	OutInterest	55
11.141	3	/good	InData	51
11.325	3	/good	OutInterest	56
11.346	3	/good	InData	52
11.526	3	/good	OutInterest	57
11.545	3	/good	InData	53
11.727	3	/good	OutInterest	58
11.747	3	/good	InData	54
11.929	3	/good	OutInterest	59
11.947	3	/good	InData	55
12.130	3	/good	OutInterest	60
12.150	3	/good	InData	56
12.331	3	/good	OutInterest	61
12.349	3	/good	InData	57
12.532	3	/good	OutInterest	62
12.555	3	/good	InData	58
12.734	3	/good	OutInterest	63
12.754	3	/good	InData	59
12.935	3	/good	OutInterest	64
12.955	3	/good	InData	60
13.136	3	/good	OutInterest	65
13.153	3	/good	InData	61
13.337	3	/good	OutInterest	66
13.355	3	/good	InData	62
13.557	3	/good	InData	63
13.563	3	/good	OutInterest	67
13.756	3	/good	InData	64
13.764	3	/good	OutInterest	68
13.958	3	/good	InData	65
13.965	3	/good	OutInterest	69
14.167	3	/good	OutInterest	70
14.184	3	/good	InData	66
14.368	3	/good	OutInterest	71
14.386	3	/good	InData	67
14.569	3	/good	OutInterest	72
14.589	3	/good	InData	68
14.771	3	/good	OutInterest	73
14.788	3	/good	InData	69
14.972	3	/good	OutInterest	74
14.991	3	/good	InData	70
15.174	3	/good	OutInterest	75
15.191	3	/good	InData	71
15.375	3	/good	OutInterest	76
15.392	3	/good	InData	72
15.576	3	/good	OutInterest	77
15.594	3	/good	InData	73
15.777	3	/good	OutInterest	78
15.797	3	/good	InData	74
15.979	3	/good	OutInterest	79
16.017	3	/good	InData	75
16.180	3	/good	OutInterest	80
16.200	3	/good	InData	76
16.381	3	/good	OutInterest	81
16.405	3	/good	InData	77
16.582	3	/good	OutInterest	82
16.599	3	/good	InData	78
16.784	3	/good	OutInterest	83
16.803	3	/good	InData	79
16.985	3	/good	OutInterest	84
17.003	3	/good	InData	80
17.186	3	/good	OutInterest	85
17.206	3	/good	InData	81
17.387	3	/good	OutInterest	86
17.404	3	/good	InData	82
17.589	3	/good	OutInterest	87
17.608	3	/good	InData	83
17.790	3	/good	OutInterest	88
17.809	3	/good	InData	84
17.992	3	/good	OutInterest	89
18.009	3	/good	InData	85
18.193	3	/good	OutInterest	90
18.213	3	/good	InData	86
18.394	3	/good	OutInterest	91
18.412	3	/good	InData	87
18.612	3	/good	InData	88
18.625	3	/good	OutInterest	92
18.815	3	/good	InData	89
18.826	3	/good	OutInterest	93
19.019	3	/good	InData	90
19.028	3	/good	OutInterest	94
19.229	3	/good	OutInterest	95
19.248	3	/good	InData	91
19.430	3	/good	OutInterest	96
19.450	3	/good	InData	92
19.631	3	/good	OutInterest	97
19.649	3	/good	InData	93
19.833	3	/good	OutInterest	98
19.850	3	/good	InData	94
20.034	3	/good	OutInterest	99
20.051	3	/good	InData	95
20.235	3	/good	OutInterest	100
20.251	3	/good	InData	96
20.436	3	/good	OutInterest	101
20.455	3	/good	InData	97
20.637	3	/good	OutInterest	102
20.655	3	/good	InData	98
20.839	3	/good	OutInterest	103
20.856	3	/good	InData	99
21.040	3	/good	OutInterest	104
21.084	3	/good	InData	100
21.241	3	/good	OutInterest	105
21.261	3	/good	InData	101
21.442	3	/good	OutInterest	106
21.464	3	/good	InData	102
21.644	3	/good	OutInterest	107
21.664	3	/good	InData	103
21.845	3	/good	OutInterest	108
21.866	3	/good	InData	104
22.046	3	/good	OutInterest	109
22.064	3	/good	InData	105
22.248	3	/good	OutInterest	110
22.269	3	/good	InData	106
22.449	3	/good	OutInterest	111
22.469	3	/good	InData	107
22.650	3	/good	OutInterest	112
22.671	3	/good	InData	108
22.852	3	/good	OutInterest	113
22.871	3	/good	InData	109
23.053	3	/good	OutInterest	114
23.073	3	/good	InData	110
23.254	3	/good	OutInterest	115
23.275	3	/good	InData	111
23.456	3	/good	OutInterest	116
23.474	3	/good	InData	112
23.677	3	/good	InData	113
23.682	3	/good	OutInterest	117
23.875	3	/good	InData	114
23.883	3	/good	OutInterest	118
24.079	3	/good	InData	115
24.085	3	/good	OutInterest	119
24.286	3	/good	OutInterest	120
24.308	3	/good	InData	116
24.487	3	/good	OutInterest	121
24.506	3	/good	InData	117
24.688	3	/good	OutInterest	122
24.707	3	/good	InData	118
24.890	3	/good	OutInterest	123
24.910	3	/good	InData	119
25.091	3	/good	OutInterest	124
25.114	3	/good	InData	120
25.292	3	/good	OutInterest	125
25.295	3	/good	InData	124
25.408	3	/good	InData	121
25.493	3	/good	OutInterest	126
25.522	3	/good	InData	122
25.694	3	/good	OutInterest	127
25.716	3	/good	InData	123
25.895	3	/good	OutInterest	128
26.096	3	/good	OutInterest	129
26.137	3	/good	InData	125
26.298	3	/good	OutInterest	130
26.315	3	/good	InData	126
26.499	3	/good	OutInterest	131
26.518	3	/good	InData	127
26.700	3	/good	OutInterest	132
26.719	3	/good	InData	128
26.901	3	/good	OutInterest	133
26.923	3	/good	InData	129
27.102	3	/good	OutInterest	134
27.119	3	/good	InData	130
27.303	3	/good	OutInterest	135
27.325	3	/good	InData	131
27.505	3	/good	OutInterest	136
27.526	3	/good	InData	132
27.706	3	/good	OutInterest	137
27.728	3	/good	InData	133
27.907	3	/good	OutInterest	138
27.928	3	/good	InData	134
28.108	3	/good	OutInterest	139
28.127	3	/good	InData	135
28.309	3	/good	OutInterest	140
28.329	3	/good	InData	136
28.510	3	/good	OutInterest	141
28.530	3	/good	InData	137
28.734	3	/good	InData	138
28.741	3	/good	OutInterest	142
28.937	3	/good	InData	139
28.942	3	/good	OutInterest	143
29.134	3	/good	InData	140
29.143	3	/good	OutInterest	144
29.345	3	/good	OutInterest	145
29.358	3	/good	InData	141
29.546	3	/good	OutInterest	146
29.560	3	/good	InData	142
29.747	3	/good	OutInterest	147
29.758	3	/good	InData	143
29.948	3	/good	OutInterest	148
29.963	3	/good	InData	144
30.149	3	/good	OutInterest	149
30.162	3	/good	InData	145
30.350	3	/good	OutInterest	150
30.364	3	/good	InData	146
30.551	3	/good	OutInterest	151
30.565	3	/good	InData	147
30.753	3	/good	OutInterest	152
30.770	3	/good	InData	148
30.954	3	/good	OutInterest	153
30.965	3	/good	InData	149
31.155	3	/good	OutInterest	154
31.192	3	/good	InData	150
31.356	3	/good	OutInterest	155
31.370	3	/good	InData	151
31.557	3	/good	OutInterest	156
31.572	3	/good	InData	152
31.758	3	/good	OutInterest	157
31.772	3	/good	InData	153
31.959	3	/good	OutInterest	158
31.974	3	/good	InData	154
32.160	3	/good	OutInterest	159
32.173	3	/good	InData	155
32.362	3	/good	OutInterest	160
32.376	3	/good	InData	156
32.563	3	/good	OutInterest	161
32.577	3	/good	InData	157
32.764	3	/good	OutInterest	162
32.778	3	/good	InData	158
32.965	3	/good	OutInterest	163
32.981	3	/good	InData	159
33.166	3	/good	OutInterest	164
33.180	3	/good	InData	160
33.367	3	/good	OutInterest	165
33.386	3	/good	InData	161
33.568	3	/good	OutInterest	166
33.583	3	/good	InData	162
33.781	3	/good	InData	163
33.815	3	/good	OutInterest	167
33.985	3	/good	InData	164
34.016	3	/good	OutInterest	168
34.188	3	/good	InData	165
34.217	3	/good	OutInterest	169
34.405	3	/good	InData	166
34.418	3	/good	OutInterest	170
34.605	3	/good	InData	167
34.620	3	/good	OutInterest	171
34.806	3	/good	InData	168
34.821	3	/good	OutInterest	172
35.008	3	/good	InData	169
35.022	3	/good	OutInterest	173
35.211	3	/good	InData	170
35.223	3	/good	OutInterest	174
35.425	3	/good	OutInterest	175
35.435	3	/good	InData	171
35.626	3	/good	OutInterest	176
35.657	3	/good	InData	172
35.827	3	/good	OutInterest	177
35.889	3	/good	InData	173
36.028	3	/good	OutInterest	178
36.112	3	/good	InData	174
36.229	3	/good	OutInterest	179
36.360	3	/good	InData	175
36.430	3	/good	OutInterest	180
36.562	3	/good	InData	176
36.631	3	/good	OutInterest	181
36.830	3	/good	InData	177
36.832	3	/good	OutInterest	182
37.033	3	/good	OutInterest	183
37.148	3	/good	InData	178
37.235	3	/good	OutInterest	184
37.436	3	/good	OutInterest	185
37.468	3	/good	InData	179
37.637	3	/good	OutInterest	186
37.810	3	/good	InData	180
37.838	3	/good	OutInterest	187
38.039	3	/good	OutInterest	188
38.182	3	/good	InData	181
38.240	3	/good	OutInterest	189
38.442	3	/good	OutInterest	190
38.536	3	/good	InData	182
38.643	3	/good	OutInterest	191
38.767	3	/good	InData	183
38.866	3	/good	OutInterest	192
39.067	3	/good	OutInterest	193
39.268	3	/good	OutInterest	194
39.469	3	/good	OutInterest	195
39.670	3	/good	OutInterest	196
39.871	3	/good	OutInterest	197
40.072	3	/good	OutInterest	198
40.140	3	/good	InData	189
40.273	3	/good	OutInterest	199
40.366	3	/good	InData	190
40.475	3	/good	OutInterest	200
40.597	3	/good	InData	191
40.676	3	/good	OutInterest	201
40.824	3	/good	InData	192
40.877	3	/good	OutInterest	202
41.051	3	/good	InData	193
41.078	3	/good	OutInterest	203
41.279	3	/good	OutInterest	204
41.280	3	/good	InData	194
41.481	3	/good	OutInterest	205
41.521	3	/good	InData	195
41.682	3	/good	OutInterest	206
41.721	3	/good	InData	196
41.883	3	/good	OutInterest	207
41.943	3	/good	InData	197
42.084	3	/good	OutInterest	208
42.176	3	/good	InData	198
42.285	3	/good	OutInterest	209
42.486	3	/good	OutInterest	210
42.687	3	/good	OutInterest	211
42.802	3	/good	InData	201
42.889	3	/good	OutInterest	212
43.000	3	/good	InData	202
43.090	3	/good	OutInterest	213
43.192	3	/good	InData	203
43.291	3	/good	OutInterest	214
43.492	3	/good	OutInterest	215
43.693	3	/good	OutInterest	216
43.916	3	/good	OutInterest	217
44.117	3	/good	OutInterest	218
44.318	3	/good	OutInterest	219
44.520	3	/good	OutInterest	220
44.607	3	/good	InData	210
44.721	3	/good	OutInterest	221
44.801	3	/good	InData	211
44.922	3	/good	OutInterest	222
45.124	3	/good	OutInterest	223
45.325	3	/good	OutInterest	224
45.526	3	/good	OutInterest	225
45.616	3	/good	InData	215
45.727	3	/good	OutInterest	226
45.928	3	/good	OutInterest	227
46.033	3	/good	InData	217
46.129	3	/good	OutInterest	228
46.235	3	/good	InData	218
46.330	3	/good	OutInterest	229
46.431	3	/good	InData	219
46.531	3	/good	OutInterest	230
46.732	3	/good	OutInterest	231
46.933	3	/good	OutInterest	232
47.035	3	/good	InData	222
47.134	3	/good	OutInterest	233
47.237	3	/good	InData	223
47.336	3	/good	OutInterest	234
47.437	3	/good	InData	224
47.537	3	/good	OutInterest	235
47.644	3	/good	InData	225
47.738	3	/good	OutInterest	236
47.939	3	/good	OutInterest	237
48.140	3	/good	OutInterest	238
48.239	3	/good	InData	228
48.341	3	/good	OutInterest	239
48.445	3	/good	InData	229
48.542	3	/good	OutInterest	240
48.743	3	/good	OutInterest	241
48.970	3	/good	OutInterest	242
49.056	3	/good	InData	232
49.172	3	/good	OutInterest	243
49.250	3	/good	InData	233
49.373	3	/good	OutInterest	244
49.574	3	/good	OutInterest	245
49.775	3	/good	OutInterest	246
49.976	3	/good	OutInterest	247
50.177	3	/good	OutInterest	248
50.379	3	/good	OutInterest	249
50.580	3	/good	OutInterest	250
50.781	3	/good	OutInterest	251
50.862	3	/good	InData	241
50.982	3	/good	OutInterest	252
51.183	3	/good	OutInterest	253
51.334	3	/good	InData	243
51.384	3	/good	OutInterest	254
51.585	3	/good	OutInterest	255
51.786	3	/good	OutInterest	256
51.854	3	/good	InData	246
51.987	3	/good	OutInterest	257
52.188	3	/good	OutInterest	258
52.390	3	/good	OutInterest	259
52.490	3	/good	InData	249
52.591	3	/good	OutInterest	260
52.792	3	/good	OutInterest	261
52.938	3	/good	InData	251
52.993	3	/good	OutInterest	262
53.064	3	/good	InData	252
53.194	3	/good	OutInterest	263
53.395	3	/good	OutInterest	264
53.544	3	/good	InData	254
53.596	3	/good	OutInterest	265
53.797	3	/good	OutInterest	266
54.027	3	/good	OutInterest	267
54.228	3	/good	OutInterest	268
54.429	3	/good	OutInterest	269
54.630	3	/good	OutInterest	270
54.832	3	/good	OutInterest	271
54.962	3	/good	InData	256
55.033	3	/good	OutInterest	272
55.117	3	/good	InData	265
55.233	3	/good	OutInterest	273
55.365	3	/good	InData	266
55.434	3	/good	OutInterest	274
55.635	3	/good	OutInterest	275
55.778	3	/good	InData	268
55.836	3	/good	OutInterest	276
55.985	3	/good	InData	269
56.037	3	/good	OutInterest	277
56.201	3	/good	InData	270
56.238	3	/good	OutInterest	278
56.439	3	/good	OutInterest	279
56.604	3	/good	InData	272
56.640	3	/good	OutInterest	280
56.841	3	/good	OutInterest	281
57.023	3	/good	InData	274
57.042	3	/good	OutInterest	282
57.243	3	/good	OutInterest	283
57.437	3	/good	InData	276
57.444	3	/good	OutInterest	284
57.645	3	/good	OutInterest	285
57.847	3	/good	OutInterest	286
58.048	3	/good	OutInterest	287
58.249	3	/good	OutInterest	288
58.449	3	/good	OutInterest	289
58.650	3	/good	OutInterest	290
58.686	3	/good	InData	282
58.851	3	/good	OutInterest	291
59.077	3	/good	OutInterest	292
59.279	3	/good	OutInterest	293
59.480	3	/good	OutInterest	294
59.681	3	/good	OutInterest	295
59.882	3	/good	OutInterest	296
60.083	3	/good	OutInterest	297
60.125	3	/good	InData	289
60.284	3	/good	OutInterest	298
60.485	3	/good	OutInterest	299
60.572	3	/good	InData	291
60.686	3	/good	OutInterest	300
60.888	3	/good	OutInterest	301
61.089	3	/good	OutInterest	302
61.194	3	/good	InData	294
61.290	3	/good	OutInterest	303
61.307	3	/good	InData	295
61.420	3	/good	InData	296
61.491	3	/good	OutInterest	304
61.535	3	/good	InData	297
61.648	3	/good	InData	298
61.692	3	/good	OutInterest	305
61.762	3	/good	InData	299
61.875	3	/good	InData	300
61.893	3	/good	OutInterest	306
61.990	3	/good	InData	301
62.094	3	/good	OutInterest	307
62.103	3	/good	InData	302
62.216	3	/good	InData	303
62.295	3	/good	OutInterest	308
62.329	3	/good	InData	304
62.442	3	/good	InData	305
62.496	3	/good	OutInterest	309
62.614	3	/good	InData	306
62.697	3	/good	OutInterest	310
62.817	3	/good	InData	307
62.898	3	/good	OutInterest	311
63.020	3	/good	InData	308
63.099	3	/good	OutInterest	312
63.220	3	/good	InData	309
63.300	3	/good	OutInterest	313
63.421	3	/good	InData	310
63.501	3	/good	OutInterest	314
63.619	3	/good	InData	311
63.702	3	/good	OutInterest	315
63.848	3	/good	InData	312
63.903	3	/good	OutInterest	316
64.022	3	/good	InData	313
64.149	3	/good	OutInterest	317
64.225	3	/good	InData	314
64.351	3	/good	OutInterest	318
64.426	3	/good	InData	315
64.552	3	/good	OutInterest	319
64.672	3	/good	InData	316
64.753	3	/good	OutInterest	320
64.872	3	/good	InData	317
64.954	3	/good	OutInterest	321
65.077	3	/good	InData	318
65.155	3	/good	OutInterest	322
65.274	3	/good	InData	319
65.356	3	/good	OutInterest	323
65.471	3	/good	InData	320
65.557	3	/good	OutInterest	324
65.675	3	/good	InData	321
65.758	3	/good	OutInterest	325
65.877	3	/good	InData	322
65.959	3	/good	OutInterest	326
66.074	3	/good	InData	323
66.160	3	/good	OutInterest	327
66.277	3	/good	InData	324
66.362	3	/good	OutInterest	328
66.476	3	/good	InData	325
66.563	3	/good	OutInterest	329
66.678	3	/good	InData	326
66.764	3	/good	OutInterest	330
66.878	3	/good	InData	327
66.965	3	/good	OutInterest	331
67.082	3	/good	InData	328
67.166	3	/good	OutInterest	332
67.280	3	/good	InData	329
67.367	3	/good	OutInterest	333
67.488	3	/good	InData	330
67.568	3	/good	OutInterest	334
67.685	3	/good	InData	331
67.769	3	/good	OutInterest	335
67.885	3	/good	InData	332
67.970	3	/good	OutInterest	336
68.086	3	/good	InData	333
68.171	3	/good	OutInterest	337
68.290	3	/good	InData	334
68.372	3	/good	OutInterest	338
68.489	3	/good	InData	335
68.573	3	/good	OutInterest	339
68.691	3	/good	InData	336
68.774	3	/good	OutInterest	340
68.892	3	/good	InData	337
68.976	3	/good	OutInterest	341
69.095	3	/good	InData	338
69.200	3	/good	OutInterest	342
69.293	3	/good	InData	339
69.401	3	/good	OutInterest	343
69.495	3	/good	InData	340
69.602	3	/good	OutInterest	344
69.738	3	/good	InData	341
69.803	3	/good	OutInterest	345
69.938	3	/good	InData	342
70.005	3	/good	OutInterest	346
70.141	3	/good	InData	343
70.206	3	/good	OutInterest	347
70.342	3	/good	InData	344
70.407	3	/good	OutInterest	348
70.541	3	/good	InData	345
70.609	3	/good	OutInterest	349
70.745	3	/good	InData	346
70.810	3	/good	OutInterest	350
70.944	3	/good	InData	347
71.010	3	/good	OutInterest	351
71.147	3	/good	InData	348
71.212	3	/good	OutInterest	352
71.348	3	/good	InData	349
71.413	3	/good	OutInterest	353
71.549	3	/good	InData	350
71.614	3	/good	OutInterest	354
71.748	3	/good	InData	351
71.814	3	/good	OutInterest	355
71.949	3	/good	InData	352
72.014	3	/good	OutInterest	356
72.157	3	/good	InData	353
72.215	3	/good	OutInterest	357
72.354	3	/good	InData	354
72.416	3	/good	OutInterest	358
72.556	3	/good	InData	355
72.617	3	/good	OutInterest	359
72.758	3	/good	InData	356
72.818	3	/good	OutInterest	360
72.955	3	/good	InData	357
73.019	3	/good	OutInterest	361
73.158	3	/good	InData	358
73.220	3	/good	OutInterest	362
73.362	3	/good	InData	359
73.421	3	/good	OutInterest	363
73.559	3	/good	InData	360
73.622	3	/good	OutInterest	364
73.762	3	/good	InData	361
73.823	3	/good	OutInterest	365
73.981	3	/good	InData	362
74.024	3	/good	OutInterest	366
74.163	3	/good	InData	363
74.225	3	/good	OutInterest	367
74.366	3	/good	InData	364
74.426	3	/good	OutInterest	368
74.563	3	/good	InData	365
74.627	3	/good	OutInterest	369
74.789	3	/good	InData	366
74.828	3	/good	OutInterest	370
74.990	3	/good	InData	367
75.029	3	/good	OutInterest	371
75.190	3	/good	InData	368
75.230	3	/good	OutInterest	372
75.391	3	/good	InData	369
75.431	3	/good	OutInterest	373
75.594	3	/good	InData	370
75.632	3	/good	OutInterest	374
75.796	3	/good	InData	371
75.833	3	/good	OutInterest	375
75.995	3	/good	InData	372
76.034	3	/good	OutInterest	376
76.197	3	/good	InData	373
76.235	3	/good	OutInterest	377
76.394	3	/good	InData	374
76.436	3	/good	OutInterest	378
76.597	3	/good	InData	375
76.637	3	/good	OutInterest	379
76.800	3	/good	InData	376
76.838	3	/good	OutInterest	380
77.001	3	/good	InData	377
77.039	3	/good	OutInterest	381
77.207	3	/good	InData	378
77.241	3	/good	OutInterest	382
77.403	3	/good	InData	379
77.442	3	/good	OutInterest	383
77.602	3	/good	InData	380
77.642	3	/good	OutInterest	384
77.802	3	/good	InData	381
77.844	3	/good	OutInterest	385
78.008	3	/good	InData	382
78.045	3	/good	OutInterest	386
78.209	3	/good	InData	383
78.246	3	/good	OutInterest	387
78.410	3	/good	InData	384
78.447	3	/good	OutInterest	388
78.609	3	/good	InData	385
78.648	3	/good	OutInterest	389
78.813	3	/good	InData	386
78.849	3	/good	OutInterest	390
79.039	3	/good	InData	387
79.050	3	/good	OutInterest	391
79.216	3	/good	InData	388
79.261	3	/good	OutInterest	392
79.415	3	/good	InData	389
79.462	3	/good	OutInterest	393
79.614	3	/good	InData	390
79.663	3	/good	OutInterest	394
79.838	3	/good	InData	391
79.864	3	/good	OutInterest	395
80.039	3	/good	InData	392
80.065	3	/good	OutInterest	396
80.240	3	/good	InData	393
80.266	3	/good	OutInterest	397
80.443	3	/good	InData	394
80.467	3	/good	OutInterest	398
80.641	3	/good	InData	395
80.668	3	/good	OutInterest	399
80.847	3	/good	InData	396
80.869	3	/good	OutInterest	400
81.048	3	/good	InData	397
81.070	3	/good	OutInterest	401
81.252	3	/good	InData	398
81.271	3	/good	OutInterest	402
81.448	3	/good	InData	399
81.472	3	/good	OutInterest	403
81.648	3	/good	InData	400
81.673	3	/good	OutInterest	404
81.850	3	/good	InData	401
81.875	3	/good	OutInterest	405
82.051	3	/good	InData	402
82.075	3	/good	OutInterest	406
82.258	3	/good	InData	403
82.276	3	/good	OutInterest	407
82.454	3	/good	InData	404
82.477	3	/good	OutInterest	408
82.654	3	/good	InData	405
82.678	3	/good	OutInterest	409
82.858	3	/good	InData	406
82.879	3	/good	OutInterest	410
83.057	3	/good	InData	407
83.080	3	/good	OutInterest	411
83.256	3	/good	InData	408
83.281	3	/good	OutInterest	412
83.457	3	/good	InData	409
83.482	3	/good	OutInterest	413
83.659	3	/good	InData	410
83.683	3	/good	OutInterest	414
83.859	3	/good	InData	411
83.884	3	/good	OutInterest	415
84.086	3	/good	OutInterest	416
84.086	3	/good	InData	412
84.265	3	/good	InData	413
84.306	3	/good	OutInterest	417
84.465	3	/good	InData	414
84.507	3	/good	OutInterest	418
84.664	3	/good	InData	415
84.708	3	/good	OutInterest	419
84.889	3	/good	InData	416
84.909	3	/good	OutInterest	420
85.092	3	/good	InData	417
85.110	3	/good	OutInterest	421
85.292	3	/good	InData	418
85.311	3	/good	OutInterest	422
85.490	3	/good	InData	419
85.512	3	/good	OutInterest	423
85.693	3	/good	InData	420
85.712	3	/good	OutInterest	424
85.896	3	/good	InData	421
85.913	3	/good	OutInterest	425
86.093	3	/good	InData	422
86.114	3	/good	OutInterest	426
86.296	3	/good	InData	423
86.315	3	/good	OutInterest	427
86.497	3	/good	InData	424
86.516	3	/good	OutInterest	428
86.701	3	/good	InData	425
86.717	3	/good	OutInterest	429
86.899	3	/good	InData	426
86.917	3	/good	OutInterest	430
87.099	3	/good	InData	427
87.118	3	/good	OutInterest	431
87.300	3	/good	InData	428
87.318	3	/good	OutInterest	432
87.500	3	/good	InData	429
87.519	3	/good	OutInterest	433
87.704	3	/good	InData	430
87.721	3	/good	OutInterest	434
87.904	3	/good	InData	431
87.921	3	/good	OutInterest	435
88.107	3	/good	InData	432
88.122	3	/good	OutInterest	436
88.310	3	/good	InData	433
88.323	3	/good	OutInterest	437
88.508	3	/good	InData	434
88.524	3	/good	OutInterest	438
88.708	3	/good	InData	435
88.725	3	/good	OutInterest	439
88.909	3	/good	InData	436
88.926	3	/good	OutInterest	440
