11.073	0	/good	InInterest	0
11.080	0	/good	OutData	0
11.178	0	/good	InInterest	1
11.183	0	/good	OutData	1
11.371	0	/good	InInterest	2
11.376	0	/good	OutData	2
11.567	0	/good	InInterest	3
11.572	0	/good	OutData	3
11.769	0	/good	InInterest	4
11.774	0	/good	OutData	4
11.970	0	/good	InInterest	5
11.976	0	/good	OutData	5
12.173	0	/good	InInterest	6
12.178	0	/good	OutData	6
12.375	0	/good	InInterest	7
12.379	0	/good	OutData	7
12.575	0	/good	InInterest	8
12.580	0	/good	OutData	8
12.776	0	/good	InInterest	9
12.781	0	/good	OutData	9
12.977	0	/good	InInterest	10
12.982	0	/good	OutData	10
13.179	0	/good	InInterest	11
13.184	0	/good	OutData	11
13.381	0	/good	InInterest	12
13.385	0	/good	OutData	12
13.582	0	/good	InInterest	13
13.586	0	/good	OutData	13
13.783	0	/good	InInterest	14
13.788	0	/good	OutData	14
14.011	0	/good	InInterest	15
14.016	0	/good	OutData	15
14.212	0	/good	InInterest	16
14.217	0	/good	OutData	16
14.413	0	/good	InInterest	17
14.418	0	/good	OutData	17
14.614	0	/good	InInterest	18
14.619	0	/good	OutData	18
14.815	0	/good	InInterest	19
14.820	0	/good	OutData	19
15.018	0	/good	InInterest	20
15.022	0	/good	OutData	20
15.219	0	/good	InInterest	21
15.224	0	/good	OutData	21
15.420	0	/good	InInterest	22
15.425	0	/good	OutData	22
15.620	0	/good	InInterest	23
15.625	0	/good	OutData	23
15.821	0	/good	InInterest	24
15.826	0	/good	OutData	24
16.024	0	/good	InInterest	25
16.029	0	/good	OutData	25
16.225	0	/good	InInterest	26
16.234	0	/good	OutData	26
16.426	0	/good	InInterest	27
16.431	0	/good	OutData	27
16.627	0	/good	InInterest	28
16.632	0	/good	OutData	28
16.828	0	/good	InInterest	29
16.833	0	/good	OutData	29
17.030	0	/good	InInterest	30
17.035	0	/good	OutData	30
17.230	0	/good	InInterest	31
17.236	0	/good	OutData	31
17.431	0	/good	InInterest	32
17.436	0	/good	OutData	32
17.632	0	/good	InInterest	33
17.636	0	/good	OutData	33
17.834	0	/good	InInterest	34
17.839	0	/good	OutData	34
18.035	0	/good	InInterest	35
18.040	0	/good	OutData	35
18.237	0	/good	InInterest	36
18.242	0	/good	OutData	36
18.438	0	/good	InInterest	37
18.443	0	/good	OutData	37
18.637	0	/good	InInterest	38
18.642	0	/good	OutData	38
18.840	0	/good	InInterest	39
18.845	0	/good	OutData	39
19.078	0	/good	InInterest	40
19.083	0	/good	OutData	40
19.279	0	/good	InInterest	41
19.284	0	/good	OutData	41
19.479	0	/good	InInterest	42
19.484	0	/good	OutData	42
19.680	0	/good	InInterest	43
19.685	0	/good	OutData	43
19.881	0	/good	InInterest	44
19.886	0	/good	OutData	44
20.083	0	/good	InInterest	45
20.087	0	/good	OutData	45
20.284	0	/good	InInterest	46
20.289	0	/good	OutData	46
20.485	0	/good	InInterest	47
20.492	0	/good	OutData	47
20.685	0	/good	InInterest	48
20.690	0	/good	OutData	48
20.887	0	/good	InInterest	49
20.892	0	/good	OutData	49
21.088	0	/good	InInterest	50
21.093	0	/good	OutData	50
21.290	0	/good	InInterest	51
21.295	0	/good	OutData	51
21.492	0	/good	InInterest	52
21.497	0	/good	OutData	52
21.693	0	/good	InInterest	53
21.698	0	/good	OutData	53
21.893	0	/good	InInterest	54
21.898	0	/good	OutData	54
22.094	0	/good	InInterest	55
22.099	0	/good	OutData	55
22.297	0	/good	InInterest	56
22.301	0	/good	OutData	56
22.498	0	/good	InInterest	57
22.502	0	/good	OutData	57
22.699	0	/good	InInterest	58
22.704	0	/good	OutData	58
22.900	0	/good	InInterest	59
22.905	0	/good	OutData	59
23.101	0	/good	InInterest	60
23.106	0	/good	OutData	60
23.302	0	/good	InInterest	61
23.307	0	/good	OutData	61
23.503	0	/good	InInterest	62
23.508	0	/good	OutData	62
23.706	0	/good	InInterest	63
23.710	0	/good	OutData	63
23.906	0	/good	InInterest	64
23.911	0	/good	OutData	64
24.108	0	/good	InInterest	65
24.113	0	/good	OutData	65
24.309	0	/good	InInterest	66
24.314	0	/good	OutData	66
24.509	0	/good	InInterest	67
24.514	0	/good	OutData	67
24.712	0	/good	InInterest	68
24.717	0	/good	OutData	68
24.912	0	/good	InInterest	69
24.916	0	/good	OutData	69
25.114	0	/good	InInterest	70
25.119	0	/good	OutData	70
25.315	0	/good	InInterest	71
25.320	0	/good	OutData	71
25.516	0	/good	InInterest	72
25.521	0	/good	OutData	72
25.717	0	/good	InInterest	73
25.722	0	/good	OutData	73
25.919	0	/good	InInterest	74
25.924	0	/good	OutData	74
26.121	0	/good	InInterest	75
26.125	0	/good	OutData	75
26.322	0	/good	InInterest	76
26.327	0	/good	OutData	76
26.522	0	/good	InInterest	77
26.526	0	/good	OutData	77
26.723	0	/good	InInterest	78
26.728	0	/good	OutData	78
26.926	0	/good	InInterest	79
26.931	0	/good	OutData	79
27.128	0	/good	InInterest	80
27.133	0	/good	OutData	80
27.331	0	/good	InInterest	81
27.335	0	/good	OutData	81
27.528	0	/good	InInterest	82
27.532	0	/good	OutData	82
27.730	0	/good	InInterest	83
27.735	0	/good	OutData	83
27.931	0	/good	InInterest	84
27.936	0	/good	OutData	84
28.132	0	/good	InInterest	85
28.137	0	/good	OutData	85
28.332	0	/good	InInterest	86
28.337	0	/good	OutData	86
28.533	0	/good	InInterest	87
28.537	0	/good	OutData	87
28.735	0	/good	InInterest	88
28.739	0	/good	OutData	88
28.936	0	/good	InInterest	89
28.941	0	/good	OutData	89
29.158	0	/good	InInterest	90
29.162	0	/good	OutData	90
29.361	0	/good	InInterest	91
29.365	0	/good	OutData	91
29.562	0	/good	InInterest	92
29.567	0	/good	OutData	92
29.762	0	/good	InInterest	93
29.767	0	/good	OutData	93
29.964	0	/good	InInterest	94
29.969	0	/good	OutData	94
30.166	0	/good	InInterest	95
30.170	0	/good	OutData	95
30.367	0	/good	InInterest	96
30.372	0	/good	OutData	96
30.567	0	/good	InInterest	97
30.574	0	/good	OutData	97
30.770	0	/good	InInterest	98
30.775	0	/good	OutData	98
30.971	0	/good	InInterest	99
30.976	0	/good	OutData	99
31.172	0	/good	InInterest	100
31.177	0	/good	OutData	100
31.373	0	/good	InInterest	101
31.379	0	/good	OutData	101
31.574	0	/good	InInterest	102
31.578	0	/good	OutData	102
31.776	0	/good	InInterest	103
31.780	0	/good	OutData	103
31.976	0	/good	InInterest	104
31.981	0	/good	OutData	104
32.177	0	/good	InInterest	105
32.182	0	/good	OutData	105
32.378	0	/good	InInterest	106
32.383	0	/good	OutData	106
32.580	0	/good	InInterest	107
32.584	0	/good	OutData	107
32.781	0	/good	InInterest	108
32.785	0	/good	OutData	108
32.983	0	/good	InInterest	109
32.988	0	/good	OutData	109
33.182	0	/good	InInterest	110
33.187	0	/good	OutData	110
33.384	0	/good	InInterest	111
33.389	0	/good	OutData	111
33.585	0	/good	InInterest	112
33.590	0	/good	OutData	112
33.786	0	/good	InInterest	113
33.791	0	/good	OutData	113
33.990	0	/good	InInterest	114
33.994	0	/good	OutData	114
34.218	0	/good	InInterest	115
34.223	0	/good	OutData	115
34.420	0	/good	InInterest	116
34.424	0	/good	OutData	116
34.622	0	/good	InInterest	117
34.626	0	/good	OutData	117
34.823	0	/good	InInterest	118
34.828	0	/good	OutData	118
35.024	0	/good	InInterest	119
35.029	0	/good	OutData	119
35.233	0	/good	InInterest	120
35.238	0	/good	OutData	120
35.427	0	/good	InInterest	121
35.431	0	/good	OutData	121
35.628	0	/good	InInterest	122
35.632	0	/good	OutData	122
35.830	0	/good	InInterest	123
35.834	0	/good	OutData	123
36.031	0	/good	InInterest	124
36.036	0	/good	OutData	124
36.231	0	/good	InInterest	125
36.236	0	/good	OutData	125
36.433	0	/good	InInterest	126
36.438	0	/good	OutData	126
36.633	0	/good	InInterest	127
36.638	0	/good	OutData	127
36.836	0	/good	InInterest	128
36.840	0	/good	OutData	128
37.037	0	/good	InInterest	129
37.041	0	/good	OutData	129
37.238	0	/good	InInterest	130
37.242	0	/good	OutData	130
37.439	0	/good	InInterest	131
37.444	0	/good	OutData	131
37.640	0	/good	InInterest	132
37.645	0	/good	OutData	132
37.842	0	/good	InInterest	133
37.846	0	/good	OutData	133
38.043	0	/good	InInterest	134
38.047	0	/good	OutData	134
38.244	0	/good	InInterest	135
38.248	0	/good	OutData	135
38.445	0	/good	InInterest	136
38.450	0	/good	OutData	136
38.646	0	/good	InInterest	137
38.651	0	/good	OutData	137
38.847	0	/good	InInterest	138
38.852	0	/good	OutData	138
39.050	0	/good	InInterest	139
39.054	0	/good	OutData	139
39.272	0	/good	InInterest	140
39.277	0	/good	OutData	140
39.473	0	/good	InInterest	141
39.478	0	/good	OutData	141
39.675	0	/good	InInterest	142
39.679	0	/good	OutData	142
39.876	0	/good	InInterest	143
39.880	0	/good	OutData	143
40.078	0	/good	InInterest	144
40.083	0	/good	OutData	144
40.278	0	/good	InInterest	145
40.283	0	/good	OutData	145
40.479	0	/good	InInterest	146
40.484	0	/good	OutData	146
40.680	0	/good	InInterest	147
40.687	0	/good	OutData	147
40.882	0	/good	InInterest	148
40.887	0	/good	OutData	148
41.099	0	/good	InInterest	149
41.104	0	/good	OutData	149
41.326	0	/good	InInterest	150
41.331	0	/good	OutData	150
41.533	0	/good	InInterest	151
41.538	0	/good	OutData	151
41.742	0	/good	InInterest	152
41.746	0	/good	OutData	152
41.952	0	/good	InInterest	153
41.957	0	/good	OutData	153
42.156	0	/good	InInterest	154
42.161	0	/good	OutData	154
42.366	0	/good	InInterest	155
42.370	0	/good	OutData	155
42.576	0	/good	InInterest	156
42.581	0	/good	OutData	156
42.780	0	/good	InInterest	157
42.785	0	/good	OutData	157
42.990	0	/good	InInterest	158
42.994	0	/good	OutData	158
43.196	0	/good	InInterest	159
43.200	0	/good	OutData	159
43.411	0	/good	InInterest	160
43.416	0	/good	OutData	160
43.615	0	/good	InInterest	161
43.619	0	/good	OutData	161
43.818	0	/good	InInterest	162
43.822	0	/good	OutData	162
44.028	0	/good	InInterest	163
44.033	0	/good	OutData	163
44.232	0	/good	InInterest	164
44.237	0	/good	OutData	164
44.479	0	/good	InInterest	165
44.484	0	/good	OutData	165
44.685	0	/good	InInterest	166
44.690	0	/good	OutData	166
44.890	0	/good	InInterest	167
44.895	0	/good	OutData	167
45.103	0	/good	InInterest	168
45.107	0	/good	OutData	168
45.309	0	/good	InInterest	169
45.314	0	/good	OutData	169
45.515	0	/good	InInterest	170
45.520	0	/good	OutData	170
45.728	0	/good	InInterest	171
45.733	0	/good	OutData	171
45.934	0	/good	InInterest	172
45.939	0	/good	OutData	172
46.141	0	/good	InInterest	173
46.145	0	/good	OutData	173
46.346	0	/good	InInterest	174
46.350	0	/good	OutData	174
46.552	0	/good	InInterest	175
46.557	0	/good	OutData	175
46.765	0	/good	InInterest	176
46.770	0	/good	OutData	176
46.971	0	/good	InInterest	177
46.975	0	/good	OutData	177
47.177	0	/good	InInterest	178
47.182	0	/good	OutData	178
47.390	0	/good	InInterest	179
47.394	0	/good	OutData	179
47.596	0	/good	InInterest	180
47.600	0	/good	OutData	180
47.801	0	/good	InInterest	181
47.806	0	/good	OutData	181
48.015	0	/good	InInterest	182
48.019	0	/good	OutData	182
48.221	0	/good	InInterest	183
48.226	0	/good	OutData	183
48.427	0	/good	InInterest	184
48.432	0	/good	OutData	184
48.632	0	/good	InInterest	185
48.637	0	/good	OutData	185
48.845	0	/good	InInterest	186
48.850	0	/good	OutData	186
49.051	0	/good	InInterest	187
49.056	0	/good	OutData	187
49.257	0	/good	InInterest	188
49.262	0	/good	OutData	188
49.464	0	/good	InInterest	189
49.468	0	/good	OutData	189
49.690	0	/good	InInterest	190
49.694	0	/good	OutData	190
49.902	0	/good	InInterest	191
49.907	0	/good	OutData	191
50.108	0	/good	InInterest	192
50.113	0	/good	OutData	192
50.321	0	/good	InInterest	193
50.325	0	/good	OutData	193
50.527	0	/good	InInterest	194
50.532	0	/good	OutData	194
50.733	0	/good	InInterest	195
50.738	0	/good	OutData	195
50.939	0	/good	InInterest	196
50.943	0	/good	OutData	196
51.154	0	/good	InInterest	197
51.161	0	/good	OutData	197
51.357	0	/good	InInterest	198
51.362	0	/good	OutData	198
51.571	0	/good	InInterest	199
51.576	0	/good	OutData	199
51.769	0	/good	InInterest	200
51.773	0	/good	OutData	200
51.983	0	/good	InInterest	201
51.987	0	/good	OutData	201
52.189	0	/good	InInterest	202
52.193	0	/good	OutData	202
52.395	0	/good	InInterest	203
52.400	0	/good	OutData	203
52.600	0	/good	InInterest	204
52.605	0	/good	OutData	204
52.807	0	/good	InInterest	205
52.811	0	/good	OutData	205
53.013	0	/good	InInterest	206
53.018	0	/good	OutData	206
53.225	0	/good	InInterest	207
53.230	0	/good	OutData	207
53.431	0	/good	InInterest	208
53.436	0	/good	OutData	208
53.644	0	/good	InInterest	209
53.649	0	/good	OutData	209
53.850	0	/good	InInterest	210
53.855	0	/good	OutData	210
54.057	0	/good	InInterest	211
54.061	0	/good	OutData	211
54.263	0	/good	InInterest	212
54.268	0	/good	OutData	212
54.469	0	/good	InInterest	213
54.474	0	/good	OutData	213
54.682	0	/good	InInterest	214
54.686	0	/good	OutData	214
54.907	0	/good	InInterest	215
54.912	0	/good	OutData	215
55.120	0	/good	InInterest	216
55.125	0	/good	OutData	216
55.326	0	/good	InInterest	217
55.331	0	/good	OutData	217
55.531	0	/good	InInterest	218
55.536	0	/good	OutData	218
55.745	0	/good	InInterest	219
55.750	0	/good	OutData	219
55.951	0	/good	InInterest	220
55.956	0	/good	OutData	220
56.157	0	/good	InInterest	221
56.161	0	/good	OutData	221
56.370	0	/good	InInterest	222
56.374	0	/good	OutData	222
56.576	0	/good	InInterest	223
56.582	0	/good	OutData	223
56.781	0	/good	InInterest	224
56.786	0	/good	OutData	224
56.988	0	/good	InInterest	225
56.992	0	/good	OutData	225
57.194	0	/good	InInterest	226
57.199	0	/good	OutData	226
57.407	0	/good	InInterest	227
57.411	0	/good	OutData	227
57.613	0	/good	InInterest	228
57.617	0	/good	OutData	228
57.825	0	/good	InInterest	229
57.830	0	/good	OutData	229
58.032	0	/good	InInterest	230
58.036	0	/good	OutData	230
58.237	0	/good	InInterest	231
58.241	0	/good	OutData	231
58.443	0	/good	InInterest	232
58.448	0	/good	OutData	232
58.649	0	/good	InInterest	233
58.654	0	/good	OutData	233
58.856	0	/good	InInterest	234
58.861	0	/good	OutData	234
59.070	0	/good	InInterest	235
59.075	0	/good	OutData	235
59.285	0	/good	InInterest	236
59.289	0	/good	OutData	236
59.496	0	/good	InInterest	237
59.501	0	/good	OutData	237
59.702	0	/good	InInterest	238
59.706	0	/good	OutData	238
59.914	0	/good	InInterest	239
59.919	0	/good	OutData	239
60.140	0	/good	InInterest	240
60.144	0	/good	OutData	240
60.339	0	/good	InInterest	241
60.343	0	/good	OutData	241
60.538	0	/good	InInterest	242
60.542	0	/good	OutData	242
60.744	0	/good	InInterest	243
60.749	0	/good	OutData	243
60.943	0	/good	InInterest	244
60.948	0	/good	OutData	244
61.142	0	/good	InInterest	245
61.147	0	/good	OutData	245
61.747	0	/good	InInterest	248
61.752	0	/good	OutData	248
61.946	0	/good	InInterest	249
61.953	0	/good	OutData	249
62.350	0	/good	InInterest	251
62.355	0	/good	OutData	251
62.549	0	/good	InInterest	252
62.554	0	/good	OutData	252
63.154	0	/good	InInterest	255
63.159	0	/good	OutData	255
63.354	0	/good	InInterest	256
63.359	0	/good	OutData	256
63.952	0	/good	InInterest	259
63.957	0	/good	OutData	259
64.158	0	/good	InInterest	260
64.162	0	/good	OutData	260
64.358	0	/good	InInterest	261
64.362	0	/good	OutData	261
64.557	0	/good	InInterest	262
64.562	0	/good	OutData	262
64.756	0	/good	InInterest	263
64.761	0	/good	OutData	263
64.954	0	/good	InInterest	264
64.959	0	/good	OutData	264
65.180	0	/good	InInterest	265
65.185	0	/good	OutData	265
65.387	0	/good	InInterest	266
65.392	0	/good	OutData	266
65.600	0	/good	InInterest	267
65.605	0	/good	OutData	267
65.802	0	/good	InInterest	268
65.806	0	/good	OutData	268
65.996	0	/good	InInterest	269
66.000	0	/good	OutData	269
66.204	0	/good	InInterest	270
66.209	0	/good	OutData	270
66.406	0	/good	InInterest	271
66.410	0	/good	OutData	271
66.809	0	/good	InInterest	273
66.814	0	/good	OutData	273
67.010	0	/good	InInterest	274
67.015	0	/good	OutData	274
67.214	0	/good	InInterest	275
67.219	0	/good	OutData	275
67.406	0	/good	InInterest	276
67.411	0	/good	OutData	276
68.213	0	/good	InInterest	280
68.217	0	/good	OutData	280
68.408	0	/good	InInterest	281
68.412	0	/good	OutData	281
68.609	0	/good	InInterest	282
68.613	0	/good	OutData	282
68.817	0	/good	InInterest	283
68.822	0	/good	OutData	283
69.019	0	/good	InInterest	284
69.024	0	/good	OutData	284
69.221	0	/good	InInterest	285
69.225	0	/good	OutData	285
69.422	0	/good	InInterest	286
69.426	0	/good	OutData	286
69.624	0	/good	InInterest	287
69.628	0	/good	OutData	287
70.250	0	/good	InInterest	290
70.255	0	/good	OutData	290
70.451	0	/good	InInterest	291
70.456	0	/good	OutData	291
71.165	0	/good	InInterest	295
71.169	0	/good	OutData	295
71.171	0	/good	InInterest	296
71.175	0	/good	OutData	296
71.178	0	/good	InInterest	297
71.182	0	/good	OutData	297
71.189	0	/good	InInterest	298
71.194	0	/good	OutData	298
71.392	0	/good	InInterest	299
71.397	0	/good	OutData	299
71.594	0	/good	InInterest	300
71.598	0	/good	OutData	300
71.795	0	/good	InInterest	301
71.799	0	/good	OutData	301
71.996	0	/good	InInterest	302
72.001	0	/good	OutData	302
72.197	0	/good	InInterest	303
72.202	0	/good	OutData	303
72.397	0	/good	InInterest	304
72.402	0	/good	OutData	304
72.597	0	/good	InInterest	305
72.602	0	/good	OutData	305
72.799	0	/good	InInterest	306
72.804	0	/good	OutData	306
73.001	0	/good	InInterest	307
73.005	0	/good	OutData	307
73.202	0	/good	InInterest	308
73.207	0	/good	OutData	308
73.403	0	/good	InInterest	309
73.407	0	/good	OutData	309
73.605	0	/good	InInterest	310
73.610	0	/good	OutData	310
73.805	0	/good	InInterest	311
73.810	0	/good	OutData	311
74.006	0	/good	InInterest	312
74.011	0	/good	OutData	312
74.207	0	/good	InInterest	313
74.214	0	/good	OutData	313
74.408	0	/good	InInterest	314
74.413	0	/good	OutData	314
74.609	0	/good	InInterest	315
74.613	0	/good	OutData	315
74.811	0	/good	InInterest	316
74.816	0	/good	OutData	316
75.012	0	/good	InInterest	317
75.017	0	/good	OutData	317
75.217	0	/good	InInterest	318
75.222	0	/good	OutData	318
75.414	0	/good	InInterest	319
75.418	0	/good	OutData	319
75.615	0	/good	InInterest	320
75.619	0	/good	OutData	320
75.817	0	/good	InInterest	321
75.821	0	/good	OutData	321
76.017	0	/good	InInterest	322
76.022	0	/good	OutData	322
76.217	0	/good	InInterest	323
76.222	0	/good	OutData	323
76.419	0	/good	InInterest	324
76.424	0	/good	OutData	324
76.620	0	/good	InInterest	325
76.625	0	/good	OutData	325
76.822	0	/good	InInterest	326
76.826	0	/good	OutData	326
77.023	0	/good	InInterest	327
77.028	0	/good	OutData	327
77.224	0	/good	InInterest	328
77.228	0	/good	OutData	328
77.425	0	/good	InInterest	329
77.430	0	/good	OutData	329
77.625	0	/good	InInterest	330
77.630	0	/good	OutData	330
77.827	0	/good	InInterest	331
77.832	0	/good	OutData	331
78.027	0	/good	InInterest	332
78.032	0	/good	OutData	332
78.230	0	/good	InInterest	333
78.234	0	/good	OutData	333
78.430	0	/good	InInterest	334
78.434	0	/good	OutData	334
78.631	0	/good	InInterest	335
78.636	0	/good	OutData	335
78.832	0	/good	InInterest	336
78.837	0	/good	OutData	336
79.032	0	/good	InInterest	337
79.037	0	/good	OutData	337
79.234	0	/good	InInterest	338
79.239	0	/good	OutData	338
79.436	0	/good	InInterest	339
79.440	0	/good	OutData	339
79.664	0	/good	InInterest	340
79.669	0	/good	OutData	340
79.866	0	/good	InInterest	341
79.870	0	/good	OutData	341
80.066	0	/good	InInterest	342
80.070	0	/good	OutData	342
80.267	0	/good	InInterest	343
80.271	0	/good	OutData	343
80.468	0	/good	InInterest	344
80.473	0	/good	OutData	344
80.668	0	/good	InInterest	345
80.673	0	/good	OutData	345
80.870	0	/good	InInterest	346
80.875	0	/good	OutData	346
81.072	0	/good	InInterest	347
81.076	0	/good	OutData	347
81.273	0	/good	InInterest	348
81.277	0	/good	OutData	348
81.473	0	/good	InInterest	349
81.477	0	/good	OutData	349
81.674	0	/good	InInterest	350
81.678	0	/good	OutData	350
81.875	0	/good	InInterest	351
81.880	0	/good	OutData	351
82.078	0	/good	InInterest	352
82.083	0	/good	OutData	352
82.278	0	/good	InInterest	353
82.282	0	/good	OutData	353
82.479	0	/good	InInterest	354
82.484	0	/good	OutData	354
82.680	0	/good	InInterest	355
82.684	0	/good	OutData	355
82.881	0	/good	InInterest	356
82.886	0	/good	OutData	356
83.086	0	/good	InInterest	357
83.091	0	/good	OutData	357
83.286	0	/good	InInterest	358
83.291	0	/good	OutData	358
83.484	0	/good	InInterest	359
83.489	0	/good	OutData	359
83.686	0	/good	InInterest	360
83.690	0	/good	OutData	360
83.886	0	/good	InInterest	361
83.890	0	/good	OutData	361
84.088	0	/good	InInterest	362
84.092	0	/good	OutData	362
84.289	0	/good	InInterest	363
84.295	0	/good	OutData	363
84.490	0	/good	InInterest	364
84.495	0	/good	OutData	364
84.718	0	/good	InInterest	365
84.722	0	/good	OutData	365
84.919	0	/good	InInterest	366
84.924	0	/good	OutData	366
85.120	0	/good	InInterest	367
85.125	0	/good	OutData	367
85.320	0	/good	InInterest	368
85.325	0	/good	OutData	368
85.522	0	/good	InInterest	369
85.526	0	/good	OutData	369
85.723	0	/good	InInterest	370
85.727	0	/good	OutData	370
85.924	0	/good	InInterest	371
85.929	0	/good	OutData	371
86.126	0	/good	InInterest	372
86.131	0	/good	OutData	372
86.326	0	/good	InInterest	373
86.331	0	/good	OutData	373
86.528	0	/good	InInterest	374
86.532	0	/good	OutData	374
86.729	0	/good	InInterest	375
86.733	0	/good	OutData	375
86.930	0	/good	InInterest	376
86.934	0	/good	OutData	376
87.132	0	/good	InInterest	377
87.138	0	/good	OutData	377
87.333	0	/good	InInterest	378
87.338	0	/good	OutData	378
87.533	0	/good	InInterest	379
87.538	0	/good	OutData	379
87.733	0	/good	InInterest	380
87.738	0	/good	OutData	380
87.936	0	/good	InInterest	381
87.940	0	/good	OutData	381
88.137	0	/good	InInterest	382
88.144	0	/good	OutData	382
88.337	0	/good	InInterest	383
88.341	0	/good	OutData	383
88.539	0	/good	InInterest	384
88.544	0	/good	OutData	384
88.739	0	/good	InInterest	385
88.744	0	/good	OutData	385
88.940	0	/good	InInterest	386
88.945	0	/good	OutData	386
89.143	0	/good	InInterest	387
89.147	0	/good	OutData	387
89.344	0	/good	InInterest	388
89.348	0	/good	OutData	388
89.544	0	/good	InInterest	389
89.548	0	/good	OutData	389
89.769	0	/good	InInterest	390
89.773	0	/good	OutData	390
89.970	0	/good	InInterest	391
89.974	0	/good	OutData	391
90.171	0	/good	InInterest	392
90.175	0	/good	OutData	392
90.373	0	/good	InInterest	393
90.377	0	/good	OutData	393
90.573	0	/good	InInterest	394
90.578	0	/good	OutData	394
90.774	0	/good	InInterest	395
90.779	0	/good	OutData	395
90.977	0	/good	InInterest	396
90.982	0	/good	OutData	396
91.181	0	/good	InInterest	397
91.185	0	/good	OutData	397
91.378	0	/good	InInterest	398
91.382	0	/good	OutData	398
91.578	0	/good	InInterest	399
91.582	0	/good	OutData	399
91.780	0	/good	InInterest	400
91.785	0	/good	OutData	400
91.981	0	/good	InInterest	401
91.986	0	/good	OutData	401
92.181	0	/good	InInterest	402
92.187	0	/good	OutData	402
92.383	0	/good	InInterest	403
92.387	0	/good	OutData	403
92.583	0	/good	InInterest	404
92.587	0	/good	OutData	404
92.785	0	/good	InInterest	405
92.789	0	/good	OutData	405
92.984	0	/good	InInterest	406
92.989	0	/good	OutData	406
93.186	0	/good	InInterest	407
93.191	0	/good	OutData	407
93.387	0	/good	InInterest	408
93.392	0	/good	OutData	408
93.586	0	/good	InInterest	409
93.591	0	/good	OutData	409
93.789	0	/good	InInterest	410
93.793	0	/good	OutData	410
93.991	0	/good	InInterest	411
93.995	0	/good	OutData	411
94.191	0	/good	InInterest	412
94.195	0	/good	OutData	412
94.392	0	/good	InInterest	413
94.398	0	/good	OutData	413
94.592	0	/good	InInterest	414
94.597	0	/good	OutData	414
94.819	0	/good	InInterest	415
94.823	0	/good	OutData	415
95.020	0	/good	InInterest	416
95.025	0	/good	OutData	416
95.219	0	/good	InInterest	417
95.224	0	/good	OutData	417
95.421	0	/good	InInterest	418
95.426	0	/good	OutData	418
95.623	0	/good	InInterest	419
95.627	0	/good	OutData	419
95.824	0	/good	InInterest	420
95.828	0	/good	OutData	420
96.025	0	/good	InInterest	421
96.030	0	/good	OutData	421
96.225	0	/good	InInterest	422
96.229	0	/good	OutData	422
96.426	0	/good	InInterest	423
96.431	0	/good	OutData	423
96.628	0	/good	InInterest	424
96.632	0	/good	OutData	424
96.829	0	/good	InInterest	425
96.833	0	/good	OutData	425
97.030	0	/good	InInterest	426
97.035	0	/good	OutData	426
97.229	0	/good	InInterest	427
97.234	0	/good	OutData	427
97.431	0	/good	InInterest	428
97.436	0	/good	OutData	428
97.632	0	/good	InInterest	429
97.637	0	/good	OutData	429
97.833	0	/good	InInterest	430
97.838	0	/good	OutData	430
98.035	0	/good	InInterest	431
98.039	0	/good	OutData	431
98.234	0	/good	InInterest	432
98.238	0	/good	OutData	432
98.435	0	/good	InInterest	433
98.439	0	/good	OutData	433
98.637	0	/good	InInterest	434
98.642	0	/good	OutData	434
98.838	0	/good	InInterest	435
98.842	0	/good	OutData	435
99.039	0	/good	InInterest	436
99.044	0	/good	OutData	436
99.242	0	/good	InInterest	437
99.247	0	/good	OutData	437
99.440	0	/good	InInterest	438
99.445	0	/good	OutData	438
99.642	0	/good	InInterest	439
99.646	0	/good	OutData	439
