0.002	3	/good	OutInterest	0
0.208	3	/good	OutInterest	1
0.409	3	/good	OutInterest	2
0.611	3	/good	OutInterest	3
0.789	3	/good	InData	0
0.812	3	/good	OutInterest	4
0.925	3	/good	InData	1
1.013	3	/good	OutInterest	5
1.123	3	/good	InData	2
1.214	3	/good	OutInterest	6
1.319	3	/good	InData	3
1.417	3	/good	OutInterest	7
1.522	3	/good	InData	4
1.618	3	/good	OutInterest	8
1.722	3	/good	InData	5
1.820	3	/good	OutInterest	9
1.923	3	/good	InData	6
2.020	3	/good	OutInterest	10
2.126	3	/good	InData	7
2.221	3	/good	OutInterest	11
2.325	3	/good	InData	8
2.422	3	/good	OutInterest	12
2.529	3	/good	InData	9
2.624	3	/good	OutInterest	13
2.729	3	/good	InData	10
2.825	3	/good	OutInterest	14
2.930	3	/good	InData	11
3.026	3	/good	OutInterest	15
3.130	3	/good	InData	12
3.227	3	/good	OutInterest	16
3.331	3	/good	InData	13
3.429	3	/good	OutInterest	17
3.534	3	/good	InData	14
3.629	3	/good	OutInterest	18
3.735	3	/good	InData	15
3.830	3	/good	OutInterest	19
3.934	3	/good	InData	16
4.031	3	/good	OutInterest	20
4.138	3	/good	InData	17
4.233	3	/good	OutInterest	21
4.339	3	/good	InData	18
4.433	3	/good	OutInterest	22
4.540	3	/good	InData	19
4.634	3	/good	OutInterest	23
4.740	3	/good	InData	20
4.836	3	/good	OutInterest	24
4.944	3	/good	InData	21
5.037	3	/good	OutInterest	25
5.144	3	/good	InData	22
5.238	3	/good	OutInterest	26
5.346	3	/good	InData	23
5.440	3	/good	OutInterest	27
5.545	3	/good	InData	24
5.641	3	/good	OutInterest	28
5.790	3	/good	InData	25
5.842	3	/good	OutInterest	29
5.950	3	/good	InData	26
6.044	3	/good	OutInterest	30
6.148	3	/good	InData	27
6.245	3	/good	OutInterest	31
6.352	3	/good	InData	28
6.446	3	/good	OutInterest	32
6.552	3	/good	InData	29
6.647	3	/good	OutInterest	33
6.753	3	/good	InData	30
6.848	3	/good	OutInterest	34
6.955	3	/good	InData	31
7.050	3	/good	OutInterest	35
7.155	3	/good	InData	32
7.251	3	/good	OutInterest	36
7.355	3	/good	InData	33
7.452	3	/good	OutInterest	37
7.558	3	/good	InData	34
7.653	3	/good	OutInterest	38
7.756	3	/good	InData	35
7.855	3	/good	OutInterest	39
7.958	3	/good	InData	36
8.056	3	/good	OutInterest	40
8.165	3	/good	InData	37
8.257	3	/good	OutInterest	41
8.361	3	/good	InData	38
8.458	3	/good	OutInterest	42
8.560	3	/good	InData	39
8.660	3	/good	OutInterest	43
8.765	3	/good	InData	40
8.861	3	/good	OutInterest	44
9.013	3	/good	InData	41
9.062	3	/good	OutInterest	45
9.214	3	/good	InData	42
9.263	3	/good	OutInterest	46
9.419	3	/good	InData	43
9.464	3	/good	OutInterest	47
9.615	3	/good	InData	44
9.666	3	/good	OutInterest	48
9.817	3	/good	InData	45
9.867	3	/good	OutInterest	49
10.016	3	/good	InData	46
10.068	3	/good	OutInterest	50
10.222	3	/good	InData	47
10.269	3	/good	OutInterest	51
10.421	3	/good	InData	48
10.471	3	/good	OutInterest	52
10.622	3	/good	InData	49
10.672	3	/good	OutInterest	53
10.841	3	/good	InData	50
10.873	3	/good	OutInterest	54
11.024	3	/good	InData	51
11.074	3	/good	OutInterest	55
11.229	3	/good	InData	52
11.275	3	/good	OutInterest	56
11.428	3	/good	InData	53
11.477	3	/good	OutInterest	57
11.630	3	/good	InData	54
11.678	3	/good	OutInterest	58
11.828	3	/good	InData	55
11.879	3	/good	OutInterest	59
12.030	3	/good	InData	56
12.080	3	/good	OutInterest	60
12.230	3	/good	InData	57
12.282	3	/good	OutInterest	61
12.437	3	/good	InData	58
12.483	3	/good	OutInterest	62
12.637	3	/good	InData	59
12.684	3	/good	OutInterest	63
12.835	3	/good	InData	60
12.885	3	/good	OutInterest	64
13.034	3	/good	InData	61
13.087	3	/good	OutInterest	65
13.236	3	/good	InData	62
13.288	3	/good	OutInterest	66
13.439	3	/good	InData	63
13.489	3	/good	OutInterest	67
13.636	3	/good	InData	64
13.690	3	/good	OutInterest	68
13.840	3	/good	InData	65
13.892	3	/good	OutInterest	69
14.066	3	/good	InData	66
14.093	3	/good	OutInterest	70
14.269	3	/good	InData	67
14.294	3	/good	OutInterest	71
14.470	3	/good	InData	68
14.495	3	/good	OutInterest	72
14.669	3	/good	InData	69
14.697	3	/good	OutInterest	73
14.873	3	/good	InData	70
14.898	3	/good	OutInterest	74
15.073	3	/good	InData	71
15.099	3	/good	OutInterest	75
15.273	3	/good	InData	72
15.300	3	/good	OutInterest	76
15.474	3	/good	InData	73
15.502	3	/good	OutInterest	77
15.676	3	/good	InData	74
15.703	3	/good	OutInterest	78
15.898	3	/good	InData	75
15.904	3	/good	OutInterest	79
16.081	3	/good	InData	76
16.106	3	/good	OutInterest	80
16.286	3	/good	InData	77
16.307	3	/good	OutInterest	81
16.480	3	/good	InData	78
16.508	3	/good	OutInterest	82
16.683	3	/good	InData	79
16.709	3	/good	OutInterest	83
16.881	3	/good	InData	80
16.911	3	/good	OutInterest	84
17.087	3	/good	InData	81
17.112	3	/good	OutInterest	85
17.285	3	/good	InData	82
17.313	3	/good	OutInterest	86
17.487	3	/good	InData	83
17.514	3	/good	OutInterest	87
17.691	3	/good	InData	84
17.716	3	/good	OutInterest	88
17.889	3	/good	InData	85
17.917	3	/good	OutInterest	89
18.094	3	/good	InData	86
18.118	3	/good	OutInterest	90
18.291	3	/good	InData	87
18.319	3	/good	OutInterest	91
18.493	3	/good	InData	88
18.523	3	/good	OutInterest	92
18.695	3	/good	InData	89
18.725	3	/good	OutInterest	93
18.897	3	/good	InData	90
18.926	3	/good	OutInterest	94
19.127	3	/good	OutInterest	95
19.128	3	/good	InData	91
19.327	3	/good	InData	92
19.329	3	/good	OutInterest	96
19.529	3	/good	InData	93
19.530	3	/good	OutInterest	97
19.731	3	/good	OutInterest	98
19.733	3	/good	InData	94
19.930	3	/good	InData	95
19.932	3	/good	OutInterest	99
20.133	3	/good	InData	96
20.134	3	/good	OutInterest	100
20.335	3	/good	OutInterest	101
20.335	3	/good	InData	97
20.534	3	/good	InData	98
20.536	3	/good	OutInterest	102
20.734	3	/good	InData	99
20.738	3	/good	OutInterest	103
20.939	3	/good	OutInterest	104
20.961	3	/good	InData	100
21.140	3	/good	OutInterest	105
21.142	3	/good	InData	101
21.341	3	/good	OutInterest	106
21.343	3	/good	InData	102
21.542	3	/good	InData	103
21.543	3	/good	OutInterest	107
21.744	3	/good	OutInterest	108
21.746	3	/good	InData	104
21.943	3	/good	InData	105
21.945	3	/good	OutInterest	109
22.147	3	/good	OutInterest	110
22.148	3	/good	InData	106
22.347	3	/good	InData	107
22.348	3	/good	OutInterest	111
22.549	3	/good	OutInterest	112
22.550	3	/good	InData	108
22.751	3	/good	OutInterest	113
22.752	3	/good	InData	109
22.951	3	/good	InData	110
22.952	3	/good	OutInterest	114
23.152	3	/good	InData	111
23.153	3	/good	OutInterest	115
23.352	3	/good	InData	112
23.354	3	/good	OutInterest	116
23.554	3	/good	InData	113
23.579	3	/good	OutInterest	117
23.755	3	/good	InData	114
23.780	3	/good	OutInterest	118
23.959	3	/good	InData	115
23.981	3	/good	OutInterest	119
24.182	3	/good	OutInterest	120
24.187	3	/good	InData	116
24.384	3	/good	OutInterest	121
24.385	3	/good	InData	117
24.585	3	/good	OutInterest	122
24.586	3	/good	InData	118
24.786	3	/good	InData	119
24.787	3	/good	OutInterest	123
24.988	3	/good	OutInterest	124
24.992	3	/good	InData	120
25.189	3	/good	OutInterest	125
25.191	3	/good	InData	121
25.304	3	/good	InData	124
25.390	3	/good	OutInterest	126
25.417	3	/good	InData	122
25.592	3	/good	OutInterest	127
25.593	3	/good	InData	123
25.793	3	/good	OutInterest	128
25.994	3	/good	OutInterest	129
26.015	3	/good	InData	125
26.193	3	/good	InData	126
26.196	3	/good	OutInterest	130
26.393	3	/good	InData	127
26.397	3	/good	OutInterest	131
26.598	3	/good	OutInterest	132
26.598	3	/good	InData	128
26.799	3	/good	OutInterest	133
26.801	3	/good	InData	129
26.997	3	/good	InData	130
27.001	3	/good	OutInterest	134
27.202	3	/good	OutInterest	135
27.203	3	/good	InData	131
27.403	3	/good	InData	132
27.403	3	/good	OutInterest	136
27.604	3	/good	InData	133
27.605	3	/good	OutInterest	137
27.805	3	/good	InData	134
27.806	3	/good	OutInterest	138
28.006	3	/good	InData	135
28.007	3	/good	OutInterest	139
28.208	3	/good	InData	136
28.208	3	/good	OutInterest	140
28.410	3	/good	OutInterest	141
28.410	3	/good	InData	137
28.609	3	/good	InData	138
28.611	3	/good	OutInterest	142
28.812	3	/good	OutInterest	143
28.814	3	/good	InData	139
29.011	3	/good	InData	140
29.013	3	/good	OutInterest	144
29.215	3	/good	OutInterest	145
29.234	3	/good	InData	141
29.416	3	/good	OutInterest	146
29.437	3	/good	InData	142
29.617	3	/good	OutInterest	147
29.636	3	/good	InData	143
29.818	3	/good	OutInterest	148
29.839	3	/good	InData	144
30.019	3	/good	OutInterest	149
30.039	3	/good	InData	145
30.220	3	/good	OutInterest	150
30.239	3	/good	InData	146
30.421	3	/good	OutInterest	151
30.441	3	/good	InData	147
30.623	3	/good	OutInterest	152
30.645	3	/good	InData	148
30.824	3	/good	OutInterest	153
30.842	3	/good	InData	149
31.025	3	/good	OutInterest	154
31.071	3	/good	InData	150
31.226	3	/good	OutInterest	155
31.247	3	/good	InData	151
31.427	3	/good	OutInterest	156
31.448	3	/good	InData	152
31.629	3	/good	OutInterest	157
31.648	3	/good	InData	153
31.830	3	/good	OutInterest	158
31.850	3	/good	InData	154
32.031	3	/good	OutInterest	159
32.047	3	/good	InData	155
32.232	3	/good	OutInterest	160
32.251	3	/good	InData	156
32.433	3	/good	OutInterest	161
32.453	3	/good	InData	157
32.635	3	/good	OutInterest	162
32.655	3	/good	InData	158
32.836	3	/good	OutInterest	163
32.856	3	/good	InData	159
33.037	3	/good	OutInterest	164
33.056	3	/good	InData	160
33.238	3	/good	OutInterest	165
33.264	3	/good	InData	161
33.439	3	/good	OutInterest	166
33.459	3	/good	InData	162
33.658	3	/good	OutInterest	167
33.658	3	/good	InData	163
33.859	3	/good	OutInterest	168
33.860	3	/good	InData	164
34.060	3	/good	OutInterest	169
34.063	3	/good	InData	165
34.261	3	/good	OutInterest	170
34.279	3	/good	InData	166
34.462	3	/good	OutInterest	171
34.478	3	/good	InData	167
34.663	3	/good	OutInterest	172
34.681	3	/good	InData	168
34.865	3	/good	OutInterest	173
34.882	3	/good	InData	169
35.066	3	/good	OutInterest	174
35.086	3	/good	InData	170
35.267	3	/good	OutInterest	175
35.312	3	/good	InData	171
35.468	3	/good	OutInterest	176
35.531	3	/good	InData	172
35.669	3	/good	OutInterest	177
35.763	3	/good	InData	173
35.870	3	/good	OutInterest	178
35.986	3	/good	InData	174
36.071	3	/good	OutInterest	179
36.235	3	/good	InData	175
36.272	3	/good	OutInterest	180
36.436	3	/good	InData	176
36.473	3	/good	OutInterest	181
36.675	3	/good	OutInterest	182
36.706	3	/good	InData	177
36.875	3	/good	OutInterest	183
37.022	3	/good	InData	178
37.076	3	/good	OutInterest	184
37.277	3	/good	OutInterest	185
37.342	3	/good	InData	179
37.478	3	/good	OutInterest	186
37.679	3	/good	OutInterest	187
37.685	3	/good	InData	180
37.880	3	/good	OutInterest	188
38.056	3	/good	InData	181
38.081	3	/good	OutInterest	189
38.283	3	/good	OutInterest	190
38.410	3	/good	InData	182
38.484	3	/good	OutInterest	191
38.642	3	/good	InData	183
38.695	3	/good	OutInterest	192
38.896	3	/good	OutInterest	193
39.097	3	/good	OutInterest	194
39.298	3	/good	OutInterest	195
39.499	3	/good	OutInterest	196
39.700	3	/good	OutInterest	197
39.901	3	/good	OutInterest	198
40.014	3	/good	InData	189
40.103	3	/good	OutInterest	199
40.238	3	/good	InData	190
40.304	3	/good	OutInterest	200
40.472	3	/good	InData	191
40.505	3	/good	OutInterest	201
40.698	3	/good	InData	192
40.706	3	/good	OutInterest	202
40.907	3	/good	OutInterest	203
40.925	3	/good	InData	193
41.108	3	/good	OutInterest	204
41.152	3	/good	InData	194
41.309	3	/good	OutInterest	205
41.391	3	/good	InData	195
41.511	3	/good	OutInterest	206
41.594	3	/good	InData	196
41.712	3	/good	OutInterest	207
41.815	3	/good	InData	197
41.913	3	/good	OutInterest	208
42.049	3	/good	InData	198
42.114	3	/good	OutInterest	209
42.315	3	/good	OutInterest	210
42.472	3	/good	InData	200
42.516	3	/good	OutInterest	211
42.673	3	/good	InData	201
42.717	3	/good	OutInterest	212
42.872	3	/good	InData	202
42.918	3	/good	OutInterest	213
43.066	3	/good	InData	203
43.119	3	/good	OutInterest	214
43.320	3	/good	OutInterest	215
43.522	3	/good	OutInterest	216
43.738	3	/good	OutInterest	217
43.939	3	/good	OutInterest	218
44.140	3	/good	OutInterest	219
44.341	3	/good	OutInterest	220
44.479	3	/good	InData	210
44.542	3	/good	OutInterest	221
44.673	3	/good	InData	211
44.743	3	/good	OutInterest	222
44.945	3	/good	OutInterest	223
45.146	3	/good	OutInterest	224
45.347	3	/good	OutInterest	225
45.485	3	/good	InData	215
45.548	3	/good	OutInterest	226
45.749	3	/good	OutInterest	227
45.902	3	/good	InData	217
45.950	3	/good	OutInterest	228
46.106	3	/good	InData	218
46.151	3	/good	OutInterest	229
46.302	3	/good	InData	219
46.352	3	/good	OutInterest	230
46.553	3	/good	OutInterest	231
46.754	3	/good	OutInterest	232
46.906	3	/good	InData	222
46.956	3	/good	OutInterest	233
47.109	3	/good	InData	223
47.157	3	/good	OutInterest	234
47.309	3	/good	InData	224
47.358	3	/good	OutInterest	235
47.513	3	/good	InData	225
47.559	3	/good	OutInterest	236
47.710	3	/good	InData	226
47.760	3	/good	OutInterest	237
47.913	3	/good	InData	227
47.961	3	/good	OutInterest	238
48.110	3	/good	InData	228
48.162	3	/good	OutInterest	239
48.318	3	/good	InData	229
48.363	3	/good	OutInterest	240
48.516	3	/good	InData	230
48.564	3	/good	OutInterest	241
48.717	3	/good	InData	231
48.765	3	/good	OutInterest	242
48.927	3	/good	InData	232
48.967	3	/good	OutInterest	243
49.121	3	/good	InData	233
49.168	3	/good	OutInterest	244
49.320	3	/good	InData	234
49.369	3	/good	OutInterest	245
49.570	3	/good	OutInterest	246
49.771	3	/good	OutInterest	247
49.915	3	/good	InData	237
49.972	3	/good	OutInterest	248
50.124	3	/good	InData	238
50.173	3	/good	OutInterest	249
50.374	3	/good	OutInterest	250
50.575	3	/good	OutInterest	251
50.733	3	/good	InData	241
50.776	3	/good	OutInterest	252
50.977	3	/good	OutInterest	253
51.178	3	/good	OutInterest	254
51.379	3	/good	OutInterest	255
51.581	3	/good	OutInterest	256
51.723	3	/good	InData	246
51.782	3	/good	OutInterest	257
51.983	3	/good	OutInterest	258
52.184	3	/good	OutInterest	259
52.360	3	/good	InData	249
52.385	3	/good	OutInterest	260
52.537	3	/good	InData	250
52.586	3	/good	OutInterest	261
52.787	3	/good	OutInterest	262
52.933	3	/good	InData	252
52.988	3	/good	OutInterest	263
53.189	3	/good	OutInterest	264
53.391	3	/good	OutInterest	265
53.592	3	/good	OutInterest	266
53.805	3	/good	OutInterest	267
54.006	3	/good	OutInterest	268
54.207	3	/good	OutInterest	269
54.408	3	/good	OutInterest	270
54.609	3	/good	OutInterest	271
54.810	3	/good	OutInterest	272
54.831	3	/good	InData	256
54.983	3	/good	InData	265
55.011	3	/good	OutInterest	273
55.212	3	/good	OutInterest	274
55.234	3	/good	InData	266
55.413	3	/good	OutInterest	275
55.615	3	/good	OutInterest	276
55.648	3	/good	InData	268
55.816	3	/good	OutInterest	277
55.853	3	/good	InData	269
56.017	3	/good	OutInterest	278
56.069	3	/good	InData	270
56.218	3	/good	OutInterest	279
56.419	3	/good	OutInterest	280
56.620	3	/good	OutInterest	281
56.821	3	/good	OutInterest	282
56.892	3	/good	InData	274
57.022	3	/good	OutInterest	283
57.223	3	/good	OutInterest	284
57.305	3	/good	InData	276
57.424	3	/good	OutInterest	285
57.626	3	/good	OutInterest	286
57.827	3	/good	OutInterest	287
58.028	3	/good	OutInterest	288
58.229	3	/good	OutInterest	289
58.430	3	/good	OutInterest	290
58.631	3	/good	OutInterest	291
58.843	3	/good	OutInterest	292
59.044	3	/good	OutInterest	293
59.245	3	/good	OutInterest	294
59.446	3	/good	OutInterest	295
59.647	3	/good	OutInterest	296
59.848	3	/good	OutInterest	297
59.994	3	/good	InData	289
60.049	3	/good	OutInterest	298
60.250	3	/good	OutInterest	299
60.440	3	/good	InData	291
60.451	3	/good	OutInterest	300
60.652	3	/good	OutInterest	301
60.853	3	/good	OutInterest	302
61.054	3	/good	OutInterest	303
61.061	3	/good	InData	294
61.174	3	/good	InData	295
61.255	3	/good	OutInterest	304
61.288	3	/good	InData	296
61.401	3	/good	InData	297
61.456	3	/good	OutInterest	305
61.514	3	/good	InData	298
61.628	3	/good	InData	299
61.658	3	/good	OutInterest	306
61.744	3	/good	InData	300
61.857	3	/good	InData	301
61.859	3	/good	OutInterest	307
61.970	3	/good	InData	302
62.060	3	/good	OutInterest	308
62.083	3	/good	InData	303
62.196	3	/good	InData	304
62.261	3	/good	OutInterest	309
62.309	3	/good	InData	305
62.462	3	/good	OutInterest	310
62.481	3	/good	InData	306
62.663	3	/good	OutInterest	311
62.683	3	/good	InData	307
62.864	3	/good	OutInterest	312
62.885	3	/good	InData	308
63.065	3	/good	OutInterest	313
63.086	3	/good	InData	309
63.266	3	/good	OutInterest	314
63.288	3	/good	InData	310
63.467	3	/good	OutInterest	315
63.487	3	/good	InData	311
63.668	3	/good	OutInterest	316
63.713	3	/good	InData	312
63.887	3	/good	InData	313
63.911	3	/good	OutInterest	317
64.090	3	/good	InData	314
64.112	3	/good	OutInterest	318
64.291	3	/good	InData	315
64.313	3	/good	OutInterest	319
64.514	3	/good	OutInterest	320
64.534	3	/good	InData	316
64.715	3	/good	OutInterest	321
64.736	3	/good	InData	317
64.916	3	/good	OutInterest	322
64.940	3	/good	InData	318
65.117	3	/good	OutInterest	323
65.140	3	/good	InData	319
65.318	3	/good	OutInterest	324
65.338	3	/good	InData	320
65.519	3	/good	OutInterest	325
65.539	3	/good	InData	321
65.720	3	/good	OutInterest	326
65.742	3	/good	InData	322
65.922	3	/good	OutInterest	327
65.940	3	/good	InData	323
66.123	3	/good	OutInterest	328
66.142	3	/good	InData	324
66.324	3	/good	OutInterest	329
66.342	3	/good	InData	325
66.525	3	/good	OutInterest	330
66.544	3	/good	InData	326
66.726	3	/good	OutInterest	331
66.746	3	/good	InData	327
66.927	3	/good	OutInterest	332
66.947	3	/good	InData	328
67.128	3	/good	OutInterest	333
67.146	3	/good	InData	329
67.329	3	/good	OutInterest	334
67.352	3	/good	InData	330
67.530	3	/good	OutInterest	335
67.550	3	/good	InData	331
67.731	3	/good	OutInterest	336
67.749	3	/good	InData	332
67.932	3	/good	OutInterest	337
67.951	3	/good	InData	333
68.133	3	/good	OutInterest	338
68.153	3	/good	InData	334
68.334	3	/good	OutInterest	339
68.354	3	/good	InData	335
68.535	3	/good	OutInterest	340
68.553	3	/good	InData	336
68.736	3	/good	OutInterest	341
68.756	3	/good	InData	337
68.958	3	/good	InData	338
68.979	3	/good	OutInterest	342
69.159	3	/good	InData	339
69.180	3	/good	OutInterest	343
69.360	3	/good	InData	340
69.381	3	/good	OutInterest	344
69.582	3	/good	OutInterest	345
69.602	3	/good	InData	341
69.783	3	/good	OutInterest	346
69.804	3	/good	InData	342
69.984	3	/good	OutInterest	347
70.003	3	/good	InData	343
70.185	3	/good	OutInterest	348
70.208	3	/good	InData	344
70.386	3	/good	OutInterest	349
70.406	3	/good	InData	345
70.587	3	/good	OutInterest	350
70.608	3	/good	InData	346
70.788	3	/good	OutInterest	351
70.807	3	/good	InData	347
70.990	3	/good	OutInterest	352
71.011	3	/good	InData	348
71.191	3	/good	OutInterest	353
71.212	3	/good	InData	349
71.392	3	/good	OutInterest	354
71.412	3	/good	InData	350
71.593	3	/good	OutInterest	355
71.614	3	/good	InData	351
71.794	3	/good	OutInterest	356
71.811	3	/good	InData	352
71.996	3	/good	OutInterest	357
72.019	3	/good	InData	353
72.197	3	/good	OutInterest	358
72.217	3	/good	InData	354
72.398	3	/good	OutInterest	359
72.419	3	/good	InData	355
72.599	3	/good	OutInterest	360
72.622	3	/good	InData	356
72.800	3	/good	OutInterest	361
72.819	3	/good	InData	357
73.001	3	/good	OutInterest	362
73.022	3	/good	InData	358
73.202	3	/good	OutInterest	363
73.227	3	/good	InData	359
73.403	3	/good	OutInterest	364
73.423	3	/good	InData	360
73.604	3	/good	OutInterest	365
73.625	3	/good	InData	361
73.805	3	/good	OutInterest	366
73.846	3	/good	InData	362
74.025	3	/good	InData	363
74.028	3	/good	OutInterest	367
74.228	3	/good	InData	364
74.229	3	/good	OutInterest	368
74.425	3	/good	InData	365
74.430	3	/good	OutInterest	369
74.631	3	/good	OutInterest	370
74.651	3	/good	InData	366
74.832	3	/good	OutInterest	371
74.852	3	/good	InData	367
75.033	3	/good	OutInterest	372
75.053	3	/good	InData	368
75.234	3	/good	OutInterest	373
75.256	3	/good	InData	369
75.435	3	/good	OutInterest	374
75.456	3	/good	InData	370
75.636	3	/good	OutInterest	375
75.655	3	/good	InData	371
75.837	3	/good	OutInterest	376
75.855	3	/good	InData	372
76.038	3	/good	OutInterest	377
76.058	3	/good	InData	373
76.239	3	/good	OutInterest	378
76.259	3	/good	InData	374
76.441	3	/good	OutInterest	379
76.461	3	/good	InData	375
76.642	3	/good	OutInterest	380
76.663	3	/good	InData	376
76.843	3	/good	OutInterest	381
76.863	3	/good	InData	377
77.044	3	/good	OutInterest	382
77.067	3	/good	InData	378
77.245	3	/good	OutInterest	383
77.264	3	/good	InData	379
77.446	3	/good	OutInterest	384
77.463	3	/good	InData	380
77.647	3	/good	OutInterest	385
77.663	3	/good	InData	381
77.848	3	/good	OutInterest	386
77.869	3	/good	InData	382
78.049	3	/good	OutInterest	387
78.073	3	/good	InData	383
78.250	3	/good	OutInterest	388
78.271	3	/good	InData	384
78.451	3	/good	OutInterest	389
78.469	3	/good	InData	385
78.652	3	/good	OutInterest	390
78.674	3	/good	InData	386
78.853	3	/good	OutInterest	391
78.901	3	/good	InData	387
79.077	3	/good	InData	388
79.077	3	/good	OutInterest	392
79.275	3	/good	InData	389
79.278	3	/good	OutInterest	393
79.476	3	/good	InData	390
79.479	3	/good	OutInterest	394
79.680	3	/good	OutInterest	395
79.698	3	/good	InData	391
79.882	3	/good	OutInterest	396
79.901	3	/good	InData	392
80.083	3	/good	OutInterest	397
80.100	3	/good	InData	393
80.284	3	/good	OutInterest	398
80.304	3	/good	InData	394
80.485	3	/good	OutInterest	399
80.503	3	/good	InData	395
80.686	3	/good	OutInterest	400
80.708	3	/good	InData	396
80.887	3	/good	OutInterest	401
80.909	3	/good	InData	397
81.088	3	/good	OutInterest	402
81.111	3	/good	InData	398
81.289	3	/good	OutInterest	403
81.307	3	/good	InData	399
81.490	3	/good	OutInterest	404
81.509	3	/good	InData	400
81.691	3	/good	OutInterest	405
81.710	3	/good	InData	401
81.892	3	/good	OutInterest	406
81.912	3	/good	InData	402
82.094	3	/good	OutInterest	407
82.118	3	/good	InData	403
82.295	3	/good	OutInterest	408
82.314	3	/good	InData	404
82.496	3	/good	OutInterest	409
82.515	3	/good	InData	405
82.697	3	/good	OutInterest	410
82.718	3	/good	InData	406
82.898	3	/good	OutInterest	411
82.919	3	/good	InData	407
83.099	3	/good	OutInterest	412
83.116	3	/good	InData	408
83.300	3	/good	OutInterest	413
83.318	3	/good	InData	409
83.501	3	/good	OutInterest	414
83.519	3	/good	InData	410
83.702	3	/good	OutInterest	415
83.720	3	/good	InData	411
83.903	3	/good	OutInterest	416
83.945	3	/good	InData	412
84.124	3	/good	InData	413
84.126	3	/good	OutInterest	417
84.325	3	/good	InData	414
84.327	3	/good	OutInterest	418
84.524	3	/good	InData	415
84.528	3	/good	OutInterest	419
84.729	3	/good	OutInterest	420
84.747	3	/good	InData	416
84.930	3	/good	OutInterest	421
84.951	3	/good	InData	417
85.131	3	/good	OutInterest	422
85.151	3	/good	InData	418
85.331	3	/good	OutInterest	423
85.351	3	/good	InData	419
85.532	3	/good	OutInterest	424
85.553	3	/good	InData	420
85.733	3	/good	OutInterest	425
85.753	3	/good	InData	421
85.934	3	/good	OutInterest	426
85.951	3	/good	InData	422
86.135	3	/good	OutInterest	427
86.155	3	/good	InData	423
86.336	3	/good	OutInterest	428
86.358	3	/good	InData	424
86.537	3	/good	OutInterest	429
86.559	3	/good	InData	425
86.738	3	/good	OutInterest	430
86.759	3	/good	InData	426
86.939	3	/good	OutInterest	431
86.957	3	/good	InData	427
87.140	3	/good	OutInterest	432
87.160	3	/good	InData	428
87.341	3	/good	OutInterest	433
87.359	3	/good	InData	429
87.542	3	/good	OutInterest	434
87.563	3	/good	InData	430
87.743	3	/good	OutInterest	435
87.763	3	/good	InData	431
87.944	3	/good	OutInterest	436
87.965	3	/good	InData	432
88.145	3	/good	OutInterest	437
88.167	3	/good	InData	433
88.345	3	/good	OutInterest	438
88.365	3	/good	InData	434
88.546	3	/good	OutInterest	439
88.567	3	/good	InData	435
88.747	3	/good	OutInterest	440
88.766	3	/good	InData	436
