0.002	3	/good	OutInterest	0
0.208	3	/good	OutInterest	1
0.409	3	/good	OutInterest	2
0.610	3	/good	OutInterest	3
0.779	3	/good	InData	0
0.812	3	/good	OutInterest	4
0.942	3	/good	InData	1
1.013	3	/good	OutInterest	5
1.056	3	/good	InData	2
1.214	3	/good	OutInterest	6
1.226	3	/good	InData	3
1.417	3	/good	OutInterest	7
1.428	3	/good	InData	4
1.618	3	/good	OutInterest	8
1.627	3	/good	InData	5
1.819	3	/good	OutInterest	9
1.834	3	/good	InData	6
2.020	3	/good	OutInterest	10
2.034	3	/good	InData	7
2.222	3	/good	OutInterest	11
2.232	3	/good	InData	8
2.423	3	/good	OutInterest	12
2.433	3	/good	InData	9
2.624	3	/good	OutInterest	13
2.637	3	/good	InData	10
2.825	3	/good	OutInterest	14
2.837	3	/good	InData	11
3.027	3	/good	OutInterest	15
3.039	3	/good	InData	12
3.240	3	/good	InData	13
3.254	3	/good	OutInterest	16
3.442	3	/good	InData	14
3.455	3	/good	OutInterest	17
3.657	3	/good	OutInterest	18
3.669	3	/good	InData	15
3.858	3	/good	OutInterest	19
3.871	3	/good	InData	16
4.059	3	/good	OutInterest	20
4.073	3	/good	InData	17
4.260	3	/good	OutInterest	21
4.274	3	/good	InData	18
4.462	3	/good	OutInterest	22
4.473	3	/good	InData	19
4.663	3	/good	OutInterest	23
4.677	3	/good	InData	20
4.864	3	/good	OutInterest	24
4.879	3	/good	InData	21
5.065	3	/good	OutInterest	25
5.079	3	/good	InData	22
5.267	3	/good	OutInterest	26
5.280	3	/good	InData	23
5.468	3	/good	OutInterest	27
5.478	3	/good	InData	24
5.669	3	/good	OutInterest	28
5.682	3	/good	InData	25
5.870	3	/good	OutInterest	29
5.888	3	/good	InData	26
6.071	3	/good	OutInterest	30
6.086	3	/good	InData	27
6.273	3	/good	OutInterest	31
6.285	3	/good	InData	28
6.474	3	/good	OutInterest	32
6.488	3	/good	InData	29
6.675	3	/good	OutInterest	33
6.689	3	/good	InData	30
6.876	3	/good	OutInterest	34
6.887	3	/good	InData	31
7.077	3	/good	OutInterest	35
7.090	3	/good	InData	32
7.278	3	/good	OutInterest	36
7.291	3	/good	InData	33
7.480	3	/good	OutInterest	37
7.493	3	/good	InData	34
7.681	3	/good	OutInterest	38
7.694	3	/good	InData	35
7.882	3	/good	OutInterest	39
7.894	3	/good	InData	36
8.083	3	/good	OutInterest	40
8.097	3	/good	InData	37
8.297	3	/good	InData	38
8.319	3	/good	OutInterest	41
8.498	3	/good	InData	39
8.520	3	/good	OutInterest	42
8.722	3	/good	OutInterest	43
8.735	3	/good	InData	40
8.923	3	/good	OutInterest	44
8.937	3	/good	InData	41
9.124	3	/good	OutInterest	45
9.139	3	/good	InData	42
9.325	3	/good	OutInterest	46
9.338	3	/good	InData	43
9.526	3	/good	OutInterest	47
9.542	3	/good	InData	44
9.728	3	/good	OutInterest	48
9.741	3	/good	InData	45
9.929	3	/good	OutInterest	49
9.942	3	/good	InData	46
10.130	3	/good	OutInterest	50
10.147	3	/good	InData	47
10.331	3	/good	OutInterest	51
10.343	3	/good	InData	48
10.533	3	/good	OutInterest	52
10.544	3	/good	InData	49
10.734	3	/good	OutInterest	53
10.745	3	/good	InData	50
10.935	3	/good	OutInterest	54
10.949	3	/good	InData	51
11.136	3	/good	OutInterest	55
11.151	3	/good	InData	52
11.337	3	/good	OutInterest	56
11.352	3	/good	InData	53
11.539	3	/good	OutInterest	57
11.552	3	/good	InData	54
11.740	3	/good	OutInterest	58
11.753	3	/good	InData	55
11.941	3	/good	OutInterest	59
11.957	3	/good	InData	56
12.142	3	/good	OutInterest	60
12.155	3	/good	InData	57
12.344	3	/good	OutInterest	61
12.356	3	/good	InData	58
12.545	3	/good	OutInterest	62
12.559	3	/good	InData	59
12.746	3	/good	OutInterest	63
12.761	3	/good	InData	60
12.947	3	/good	OutInterest	64
12.959	3	/good	InData	61
13.149	3	/good	OutInterest	65
13.161	3	/good	InData	62
13.350	3	/good	OutInterest	66
13.363	3	/good	InData	63
13.551	3	/good	OutInterest	67
13.564	3	/good	InData	64
13.752	3	/good	OutInterest	68
13.765	3	/good	InData	65
13.953	3	/good	OutInterest	69
13.966	3	/good	InData	66
14.155	3	/good	OutInterest	70
14.167	3	/good	InData	67
14.356	3	/good	OutInterest	71
14.368	3	/good	InData	68
14.557	3	/good	OutInterest	72
14.570	3	/good	InData	69
14.758	3	/good	OutInterest	73
14.772	3	/good	InData	70
14.960	3	/good	OutInterest	74
14.971	3	/good	InData	71
15.161	3	/good	OutInterest	75
15.174	3	/good	InData	72
15.362	3	/good	OutInterest	76
15.374	3	/good	InData	73
15.563	3	/good	OutInterest	77
15.577	3	/good	InData	74
15.764	3	/good	OutInterest	78
15.778	3	/good	InData	75
15.965	3	/good	OutInterest	79
15.981	3	/good	InData	76
16.166	3	/good	OutInterest	80
16.178	3	/good	InData	77
16.368	3	/good	OutInterest	81
16.381	3	/good	InData	78
16.569	3	/good	OutInterest	82
16.583	3	/good	InData	79
16.770	3	/good	OutInterest	83
16.784	3	/good	InData	80
16.971	3	/good	OutInterest	84
16.989	3	/good	InData	81
17.173	3	/good	OutInterest	85
17.185	3	/good	InData	82
17.373	3	/good	OutInterest	86
17.389	3	/good	InData	83
17.574	3	/good	OutInterest	87
17.589	3	/good	InData	84
17.775	3	/good	OutInterest	88
17.791	3	/good	InData	85
17.977	3	/good	OutInterest	89
17.990	3	/good	InData	86
18.178	3	/good	OutInterest	90
18.190	3	/good	InData	87
18.392	3	/good	InData	88
18.401	3	/good	OutInterest	91
18.592	3	/good	InData	89
18.602	3	/good	OutInterest	92
18.803	3	/good	OutInterest	93
18.815	3	/good	InData	90
19.005	3	/good	OutInterest	94
19.018	3	/good	InData	91
19.206	3	/good	OutInterest	95
19.218	3	/good	InData	92
19.407	3	/good	OutInterest	96
19.420	3	/good	InData	93
19.608	3	/good	OutInterest	97
19.621	3	/good	InData	94
19.809	3	/good	OutInterest	98
19.821	3	/good	InData	95
20.011	3	/good	OutInterest	99
20.023	3	/good	InData	96
20.212	3	/good	OutInterest	100
20.224	3	/good	InData	97
20.413	3	/good	OutInterest	101
20.425	3	/good	InData	98
20.614	3	/good	OutInterest	102
20.630	3	/good	InData	99
20.816	3	/good	OutInterest	103
20.830	3	/good	InData	100
21.016	3	/good	OutInterest	104
21.032	3	/good	InData	101
21.217	3	/good	OutInterest	105
21.234	3	/good	InData	102
21.418	3	/good	OutInterest	106
21.434	3	/good	InData	103
21.619	3	/good	OutInterest	107
21.633	3	/good	InData	104
21.821	3	/good	OutInterest	108
21.833	3	/good	InData	105
22.022	3	/good	OutInterest	109
22.038	3	/good	InData	106
22.223	3	/good	OutInterest	110
22.236	3	/good	InData	107
22.424	3	/good	OutInterest	111
22.437	3	/good	InData	108
22.625	3	/good	OutInterest	112
22.643	3	/good	InData	109
22.827	3	/good	OutInterest	113
22.839	3	/good	InData	110
23.028	3	/good	OutInterest	114
23.041	3	/good	InData	111
23.230	3	/good	OutInterest	115
23.243	3	/good	InData	112
23.445	3	/good	InData	113
23.460	3	/good	OutInterest	116
23.647	3	/good	InData	114
23.661	3	/good	OutInterest	117
23.862	3	/good	OutInterest	118
23.877	3	/good	InData	115
24.064	3	/good	OutInterest	119
24.074	3	/good	InData	116
24.265	3	/good	OutInterest	120
24.277	3	/good	InData	117
24.466	3	/good	OutInterest	121
24.477	3	/good	InData	118
24.667	3	/good	OutInterest	122
24.683	3	/good	InData	119
24.869	3	/good	OutInterest	123
24.890	3	/good	InData	120
25.070	3	/good	OutInterest	124
25.086	3	/good	InData	121
25.271	3	/good	OutInterest	125
25.285	3	/good	InData	122
25.472	3	/good	OutInterest	126
25.486	3	/good	InData	123
25.673	3	/good	OutInterest	127
25.687	3	/good	InData	124
25.875	3	/good	OutInterest	128
25.890	3	/good	InData	125
26.076	3	/good	OutInterest	129
26.090	3	/good	InData	126
26.277	3	/good	OutInterest	130
26.289	3	/good	InData	127
26.478	3	/good	OutInterest	131
26.493	3	/good	InData	128
26.679	3	/good	OutInterest	132
26.694	3	/good	InData	129
26.881	3	/good	OutInterest	133
26.895	3	/good	InData	130
27.082	3	/good	OutInterest	134
27.097	3	/good	InData	131
27.283	3	/good	OutInterest	135
27.299	3	/good	InData	132
27.484	3	/good	OutInterest	136
27.498	3	/good	InData	133
27.685	3	/good	OutInterest	137
27.698	3	/good	InData	134
27.886	3	/good	OutInterest	138
27.900	3	/good	InData	135
28.088	3	/good	OutInterest	139
28.102	3	/good	InData	136
28.289	3	/good	OutInterest	140
28.303	3	/good	InData	137
28.502	3	/good	InData	138
28.513	3	/good	OutInterest	141
28.706	3	/good	InData	139
28.714	3	/good	OutInterest	142
28.915	3	/good	OutInterest	143
28.930	3	/good	InData	140
29.116	3	/good	OutInterest	144
29.129	3	/good	InData	141
29.317	3	/good	OutInterest	145
29.331	3	/good	InData	142
29.518	3	/good	OutInterest	146
29.533	3	/good	InData	143
29.719	3	/good	OutInterest	147
29.734	3	/good	InData	144
29.921	3	/good	OutInterest	148
29.933	3	/good	InData	145
30.122	3	/good	OutInterest	149
30.138	3	/good	InData	146
30.323	3	/good	OutInterest	150
30.340	3	/good	InData	147
30.524	3	/good	OutInterest	151
30.538	3	/good	InData	148
30.725	3	/good	OutInterest	152
30.754	3	/good	InData	149
30.926	3	/good	OutInterest	153
30.983	3	/good	InData	150
31.127	3	/good	OutInterest	154
31.190	3	/good	InData	151
31.328	3	/good	OutInterest	155
31.399	3	/good	InData	152
31.529	3	/good	OutInterest	156
31.607	3	/good	InData	153
31.730	3	/good	OutInterest	157
31.814	3	/good	InData	154
31.932	3	/good	OutInterest	158
32.022	3	/good	InData	155
32.133	3	/good	OutInterest	159
32.233	3	/good	InData	156
32.334	3	/good	OutInterest	160
32.435	3	/good	InData	157
32.535	3	/good	OutInterest	161
32.646	3	/good	InData	158
32.736	3	/good	OutInterest	162
32.853	3	/good	InData	159
32.937	3	/good	OutInterest	163
33.067	3	/good	InData	160
33.138	3	/good	OutInterest	164
33.270	3	/good	InData	161
33.339	3	/good	OutInterest	165
33.472	3	/good	InData	162
33.573	3	/good	OutInterest	166
33.685	3	/good	InData	163
33.774	3	/good	OutInterest	167
33.889	3	/good	InData	164
33.975	3	/good	OutInterest	168
34.135	3	/good	InData	165
34.176	3	/good	OutInterest	169
34.339	3	/good	InData	166
34.377	3	/good	OutInterest	170
34.546	3	/good	InData	167
34.578	3	/good	OutInterest	171
34.759	3	/good	InData	168
34.779	3	/good	OutInterest	172
34.965	3	/good	InData	169
34.980	3	/good	OutInterest	173
35.171	3	/good	InData	170
35.182	3	/good	OutInterest	174
35.383	3	/good	OutInterest	175
35.385	3	/good	InData	171
35.584	3	/good	OutInterest	176
35.588	3	/good	InData	172
35.785	3	/good	OutInterest	177
35.797	3	/good	InData	173
35.986	3	/good	OutInterest	178
36.003	3	/good	InData	174
36.187	3	/good	OutInterest	179
36.207	3	/good	InData	175
36.388	3	/good	OutInterest	180
36.421	3	/good	InData	176
36.589	3	/good	OutInterest	181
36.628	3	/good	InData	177
36.790	3	/good	OutInterest	182
36.832	3	/good	InData	178
36.991	3	/good	OutInterest	183
37.045	3	/good	InData	179
37.192	3	/good	OutInterest	184
37.251	3	/good	InData	180
37.394	3	/good	OutInterest	185
37.455	3	/good	InData	181
37.595	3	/good	OutInterest	186
37.670	3	/good	InData	182
37.796	3	/good	OutInterest	187
37.877	3	/good	InData	183
37.996	3	/good	OutInterest	188
38.082	3	/good	InData	184
38.197	3	/good	OutInterest	189
38.287	3	/good	InData	185
38.398	3	/good	OutInterest	190
38.501	3	/good	InData	186
38.619	3	/good	OutInterest	191
38.706	3	/good	InData	187
38.820	3	/good	OutInterest	192
38.912	3	/good	InData	188
39.021	3	/good	OutInterest	193
39.120	3	/good	InData	189
39.222	3	/good	OutInterest	194
39.344	3	/good	InData	190
39.423	3	/good	OutInterest	195
39.558	3	/good	InData	191
39.624	3	/good	OutInterest	196
39.766	3	/good	InData	192
39.826	3	/good	OutInterest	197
39.975	3	/good	InData	193
40.027	3	/good	OutInterest	198
40.181	3	/good	InData	194
40.228	3	/good	OutInterest	199
40.389	3	/good	InData	195
40.430	3	/good	OutInterest	200
40.593	3	/good	InData	196
40.631	3	/good	OutInterest	201
40.812	3	/good	InData	197
40.832	3	/good	OutInterest	202
41.014	3	/good	InData	198
41.033	3	/good	OutInterest	203
41.226	3	/good	InData	199
41.234	3	/good	OutInterest	204
41.423	3	/good	InData	200
41.435	3	/good	OutInterest	205
41.636	3	/good	OutInterest	206
41.638	3	/good	InData	201
41.837	3	/good	OutInterest	207
41.841	3	/good	InData	202
42.038	3	/good	OutInterest	208
42.049	3	/good	InData	203
42.239	3	/good	OutInterest	209
42.256	3	/good	InData	204
42.440	3	/good	OutInterest	210
42.460	3	/good	InData	205
42.642	3	/good	OutInterest	211
42.667	3	/good	InData	206
42.843	3	/good	OutInterest	212
42.881	3	/good	InData	207
43.043	3	/good	OutInterest	213
43.085	3	/good	InData	208
43.244	3	/good	OutInterest	214
43.298	3	/good	InData	209
43.445	3	/good	OutInterest	215
43.506	3	/good	InData	210
43.667	3	/good	OutInterest	216
43.711	3	/good	InData	211
43.868	3	/good	OutInterest	217
43.917	3	/good	InData	212
44.069	3	/good	OutInterest	218
44.124	3	/good	InData	213
44.270	3	/good	OutInterest	219
44.334	3	/good	InData	214
44.471	3	/good	OutInterest	220
44.563	3	/good	InData	215
44.672	3	/good	OutInterest	221
44.773	3	/good	InData	216
44.873	3	/good	OutInterest	222
44.979	3	/good	InData	217
45.074	3	/good	OutInterest	223
45.185	3	/good	InData	218
45.276	3	/good	OutInterest	224
45.399	3	/good	InData	219
45.477	3	/good	OutInterest	225
45.605	3	/good	InData	220
45.678	3	/good	OutInterest	226
45.811	3	/good	InData	221
45.879	3	/good	OutInterest	227
46.024	3	/good	InData	222
46.080	3	/good	OutInterest	228
46.232	3	/good	InData	223
46.281	3	/good	OutInterest	229
46.437	3	/good	InData	224
46.482	3	/good	OutInterest	230
46.642	3	/good	InData	225
46.683	3	/good	OutInterest	231
46.849	3	/good	InData	226
46.884	3	/good	OutInterest	232
47.062	3	/good	InData	227
47.085	3	/good	OutInterest	233
47.267	3	/good	InData	228
47.286	3	/good	OutInterest	234
47.480	3	/good	InData	229
47.487	3	/good	OutInterest	235
47.685	3	/good	InData	230
47.688	3	/good	OutInterest	236
47.889	3	/good	OutInterest	237
47.891	3	/good	InData	231
48.090	3	/good	OutInterest	238
48.097	3	/good	InData	232
48.292	3	/good	OutInterest	239
48.303	3	/good	InData	233
48.493	3	/good	OutInterest	240
48.510	3	/good	InData	234
48.714	3	/good	OutInterest	241
48.723	3	/good	InData	235
48.915	3	/good	OutInterest	242
48.939	3	/good	InData	236
49.116	3	/good	OutInterest	243
49.150	3	/good	InData	237
49.318	3	/good	OutInterest	244
49.355	3	/good	InData	238
49.519	3	/good	OutInterest	245
49.567	3	/good	InData	239
49.720	3	/good	OutInterest	246
49.794	3	/good	InData	240
49.921	3	/good	OutInterest	247
49.992	3	/good	InData	241
50.122	3	/good	OutInterest	248
50.193	3	/good	InData	242
50.323	3	/good	OutInterest	249
50.397	3	/good	InData	243
50.524	3	/good	OutInterest	250
50.595	3	/good	InData	244
50.725	3	/good	OutInterest	251
50.797	3	/good	InData	245
50.927	3	/good	OutInterest	252
51.128	3	/good	OutInterest	253
51.329	3	/good	OutInterest	254
51.399	3	/good	InData	248
51.530	3	/good	OutInterest	255
51.600	3	/good	InData	249
51.731	3	/good	OutInterest	256
51.932	3	/good	OutInterest	257
52.002	3	/good	InData	251
52.133	3	/good	OutInterest	258
52.204	3	/good	InData	252
52.334	3	/good	OutInterest	259
52.535	3	/good	OutInterest	260
52.736	3	/good	OutInterest	261
52.809	3	/good	InData	255
52.938	3	/good	OutInterest	262
53.007	3	/good	InData	256
53.139	3	/good	OutInterest	263
53.340	3	/good	OutInterest	264
53.541	3	/good	OutInterest	265
53.606	3	/good	InData	259
53.767	3	/good	OutInterest	266
53.811	3	/good	InData	260
53.968	3	/good	OutInterest	267
54.011	3	/good	InData	261
54.169	3	/good	OutInterest	268
54.210	3	/good	InData	262
54.370	3	/good	OutInterest	269
54.409	3	/good	InData	263
54.571	3	/good	OutInterest	270
54.608	3	/good	InData	264
54.773	3	/good	OutInterest	271
54.834	3	/good	InData	265
54.974	3	/good	OutInterest	272
55.042	3	/good	InData	266
55.175	3	/good	OutInterest	273
55.253	3	/good	InData	267
55.376	3	/good	OutInterest	274
55.456	3	/good	InData	268
55.577	3	/good	OutInterest	275
55.650	3	/good	InData	269
55.778	3	/good	OutInterest	276
55.856	3	/good	InData	270
55.979	3	/good	OutInterest	277
56.058	3	/good	InData	271
56.180	3	/good	OutInterest	278
56.381	3	/good	OutInterest	279
56.463	3	/good	InData	273
56.582	3	/good	OutInterest	280
56.663	3	/good	InData	274
56.783	3	/good	OutInterest	281
56.866	3	/good	InData	275
56.984	3	/good	OutInterest	282
57.059	3	/good	InData	276
57.186	3	/good	OutInterest	283
57.387	3	/good	OutInterest	284
57.588	3	/good	OutInterest	285
57.789	3	/good	OutInterest	286
57.865	3	/good	InData	280
57.990	3	/good	OutInterest	287
58.060	3	/good	InData	281
58.191	3	/good	OutInterest	288
58.263	3	/good	InData	282
58.392	3	/good	OutInterest	289
58.470	3	/good	InData	283
58.593	3	/good	OutInterest	290
58.671	3	/good	InData	284
58.818	3	/good	OutInterest	291
58.875	3	/good	InData	285
59.019	3	/good	OutInterest	292
59.073	3	/good	InData	286
59.220	3	/good	OutInterest	293
59.277	3	/good	InData	287
59.421	3	/good	OutInterest	294
59.622	3	/good	OutInterest	295
59.823	3	/good	OutInterest	296
59.901	3	/good	InData	290
60.024	3	/good	OutInterest	297
60.103	3	/good	InData	291
60.225	3	/good	OutInterest	298
60.426	3	/good	OutInterest	299
60.628	3	/good	OutInterest	300
60.817	3	/good	InData	295
60.829	3	/good	OutInterest	301
60.930	3	/good	InData	296
61.030	3	/good	OutInterest	302
61.044	3	/good	InData	297
61.158	3	/good	InData	298
61.232	3	/good	OutInterest	303
61.270	3	/good	InData	299
61.385	3	/good	InData	300
61.433	3	/good	OutInterest	304
61.498	3	/good	InData	301
61.633	3	/good	OutInterest	305
61.648	3	/good	InData	302
61.834	3	/good	OutInterest	306
61.851	3	/good	InData	303
62.035	3	/good	OutInterest	307
62.049	3	/good	InData	304
62.237	3	/good	OutInterest	308
62.250	3	/good	InData	305
62.438	3	/good	OutInterest	309
62.452	3	/good	InData	306
62.639	3	/good	OutInterest	310
62.651	3	/good	InData	307
62.840	3	/good	OutInterest	311
62.854	3	/good	InData	308
63.041	3	/good	OutInterest	312
63.057	3	/good	InData	309
63.242	3	/good	OutInterest	313
63.259	3	/good	InData	310
63.443	3	/good	OutInterest	314
63.458	3	/good	InData	311
63.644	3	/good	OutInterest	315
63.658	3	/good	InData	312
63.845	3	/good	OutInterest	316
63.862	3	/good	InData	313
64.046	3	/good	OutInterest	317
64.062	3	/good	InData	314
64.247	3	/good	OutInterest	318
64.259	3	/good	InData	315
64.448	3	/good	OutInterest	319
64.465	3	/good	InData	316
64.649	3	/good	OutInterest	320
64.664	3	/good	InData	317
64.850	3	/good	OutInterest	321
64.869	3	/good	InData	318
65.051	3	/good	OutInterest	322
65.066	3	/good	InData	319
65.253	3	/good	OutInterest	323
65.268	3	/good	InData	320
65.454	3	/good	OutInterest	324
65.469	3	/good	InData	321
65.655	3	/good	OutInterest	325
65.669	3	/good	InData	322
65.856	3	/good	OutInterest	326
65.870	3	/good	InData	323
66.057	3	/good	OutInterest	327
66.072	3	/good	InData	324
66.258	3	/good	OutInterest	328
66.273	3	/good	InData	325
66.459	3	/good	OutInterest	329
66.472	3	/good	InData	326
66.660	3	/good	OutInterest	330
66.675	3	/good	InData	327
66.861	3	/good	OutInterest	331
66.874	3	/good	InData	328
67.062	3	/good	OutInterest	332
67.076	3	/good	InData	329
67.263	3	/good	OutInterest	333
67.277	3	/good	InData	330
67.464	3	/good	OutInterest	334
67.476	3	/good	InData	331
67.665	3	/good	OutInterest	335
67.678	3	/good	InData	332
67.866	3	/good	OutInterest	336
67.882	3	/good	InData	333
68.067	3	/good	OutInterest	337
68.082	3	/good	InData	334
68.268	3	/good	OutInterest	338
68.285	3	/good	InData	335
68.469	3	/good	OutInterest	339
68.483	3	/good	InData	336
68.671	3	/good	OutInterest	340
68.684	3	/good	InData	337
68.887	3	/good	InData	338
68.900	3	/good	OutInterest	341
69.087	3	/good	InData	339
69.100	3	/good	OutInterest	342
69.301	3	/good	OutInterest	343
69.315	3	/good	InData	340
69.502	3	/good	OutInterest	344
69.517	3	/good	InData	341
69.703	3	/good	OutInterest	345
69.717	3	/good	InData	342
69.904	3	/good	OutInterest	346
69.919	3	/good	InData	343
70.105	3	/good	OutInterest	347
70.117	3	/good	InData	344
70.306	3	/good	OutInterest	348
70.319	3	/good	InData	345
70.507	3	/good	OutInterest	349
70.521	3	/good	InData	346
70.708	3	/good	OutInterest	350
70.724	3	/good	InData	347
70.909	3	/good	OutInterest	351
70.923	3	/good	InData	348
71.110	3	/good	OutInterest	352
71.122	3	/good	InData	349
71.312	3	/good	OutInterest	353
71.324	3	/good	InData	350
71.513	3	/good	OutInterest	354
71.524	3	/good	InData	351
71.714	3	/good	OutInterest	355
71.728	3	/good	InData	352
71.915	3	/good	OutInterest	356
71.930	3	/good	InData	353
72.116	3	/good	OutInterest	357
72.131	3	/good	InData	354
72.317	3	/good	OutInterest	358
72.332	3	/good	InData	355
72.518	3	/good	OutInterest	359
72.533	3	/good	InData	356
72.719	3	/good	OutInterest	360
72.738	3	/good	InData	357
72.920	3	/good	OutInterest	361
72.937	3	/good	InData	358
73.121	3	/good	OutInterest	362
73.134	3	/good	InData	359
73.322	3	/good	OutInterest	363
73.339	3	/good	InData	360
73.523	3	/good	OutInterest	364
73.536	3	/good	InData	361
73.724	3	/good	OutInterest	365
73.736	3	/good	InData	362
73.940	3	/good	InData	363
73.953	3	/good	OutInterest	366
74.141	3	/good	InData	364
74.154	3	/good	OutInterest	367
74.355	3	/good	OutInterest	368
74.368	3	/good	InData	365
74.556	3	/good	OutInterest	369
74.570	3	/good	InData	366
74.757	3	/good	OutInterest	370
74.772	3	/good	InData	367
74.958	3	/good	OutInterest	371
74.970	3	/good	InData	368
75.159	3	/good	OutInterest	372
75.171	3	/good	InData	369
75.360	3	/good	OutInterest	373
75.373	3	/good	InData	370
75.561	3	/good	OutInterest	374
75.573	3	/good	InData	371
75.762	3	/good	OutInterest	375
75.778	3	/good	InData	372
75.963	3	/good	OutInterest	376
75.978	3	/good	InData	373
76.164	3	/good	OutInterest	377
76.179	3	/good	InData	374
76.366	3	/good	OutInterest	378
76.378	3	/good	InData	375
76.567	3	/good	OutInterest	379
76.581	3	/good	InData	376
76.768	3	/good	OutInterest	380
76.785	3	/good	InData	377
76.969	3	/good	OutInterest	381
76.983	3	/good	InData	378
77.170	3	/good	OutInterest	382
77.183	3	/good	InData	379
77.371	3	/good	OutInterest	383
77.384	3	/good	InData	380
77.572	3	/good	OutInterest	384
77.585	3	/good	InData	381
77.773	3	/good	OutInterest	385
77.789	3	/good	InData	382
77.974	3	/good	OutInterest	386
77.987	3	/good	InData	383
78.175	3	/good	OutInterest	387
78.191	3	/good	InData	384
78.376	3	/good	OutInterest	388
78.389	3	/good	InData	385
78.577	3	/good	OutInterest	389
78.590	3	/good	InData	386
78.778	3	/good	OutInterest	390
78.792	3	/good	InData	387
78.995	3	/good	InData	388
79.003	3	/good	OutInterest	391
79.194	3	/good	InData	389
79.204	3	/good	OutInterest	392
79.405	3	/good	OutInterest	393
79.420	3	/good	InData	390
79.607	3	/good	OutInterest	394
79.621	3	/good	InData	391
79.808	3	/good	OutInterest	395
79.821	3	/good	InData	392
80.009	3	/good	OutInterest	396
80.024	3	/good	InData	393
80.210	3	/good	OutInterest	397
80.222	3	/good	InData	394
80.410	3	/good	OutInterest	398
80.424	3	/good	InData	395
80.611	3	/good	OutInterest	399
80.626	3	/good	InData	396
80.812	3	/good	OutInterest	400
80.833	3	/good	InData	397
81.013	3	/good	OutInterest	401
81.029	3	/good	InData	398
81.214	3	/good	OutInterest	402
81.226	3	/good	InData	399
81.415	3	/good	OutInterest	403
81.432	3	/good	InData	400
81.616	3	/good	OutInterest	404
81.630	3	/good	InData	401
81.817	3	/good	OutInterest	405
81.831	3	/good	InData	402
82.018	3	/good	OutInterest	406
82.031	3	/good	InData	403
82.219	3	/good	OutInterest	407
82.232	3	/good	InData	404
82.420	3	/good	OutInterest	408
82.435	3	/good	InData	405
82.621	3	/good	OutInterest	409
82.633	3	/good	InData	406
82.822	3	/good	OutInterest	410
82.836	3	/good	InData	407
83.022	3	/good	OutInterest	411
83.038	3	/good	InData	408
83.223	3	/good	OutInterest	412
83.235	3	/good	InData	409
83.424	3	/good	OutInterest	413
83.437	3	/good	InData	410
83.625	3	/good	OutInterest	414
83.640	3	/good	InData	411
83.826	3	/good	OutInterest	415
83.839	3	/good	InData	412
84.043	3	/good	InData	413
84.052	3	/good	OutInterest	416
84.242	3	/good	InData	414
84.253	3	/good	OutInterest	417
84.454	3	/good	OutInterest	418
84.467	3	/good	InData	415
84.655	3	/good	OutInterest	419
84.670	3	/good	InData	416
84.856	3	/good	OutInterest	420
84.869	3	/good	InData	417
85.057	3	/good	OutInterest	421
85.070	3	/good	InData	418
85.258	3	/good	OutInterest	422
85.270	3	/good	InData	419
85.459	3	/good	OutInterest	423
85.472	3	/good	InData	420
85.660	3	/good	OutInterest	424
85.673	3	/good	InData	421
85.861	3	/good	OutInterest	425
85.874	3	/good	InData	422
86.062	3	/good	OutInterest	426
86.074	3	/good	InData	423
86.262	3	/good	OutInterest	427
86.277	3	/good	InData	424
86.463	3	/good	OutInterest	428
86.478	3	/good	InData	425
86.664	3	/good	OutInterest	429
86.679	3	/good	InData	426
86.865	3	/good	OutInterest	430
86.879	3	/good	InData	427
87.066	3	/good	OutInterest	431
87.081	3	/good	InData	428
87.267	3	/good	OutInterest	432
87.283	3	/good	InData	429
87.468	3	/good	OutInterest	433
87.481	3	/good	InData	430
87.669	3	/good	OutInterest	434
87.683	3	/good	InData	431
87.870	3	/good	OutInterest	435
87.883	3	/good	InData	432
88.071	3	/good	OutInterest	436
88.084	3	/good	InData	433
88.272	3	/good	OutInterest	437
88.285	3	/good	InData	434
88.473	3	/good	OutInterest	438
88.487	3	/good	InData	435
88.674	3	/good	OutInterest	439
88.688	3	/good	InData	436
88.891	3	/good	InData	437
88.874	3	/good	OutInterest	440
