10.282	0	/good	InInterest	0
10.295	0	/good	OutData	0
10.463	0	/good	InInterest	1
10.473	0	/good	OutData	1
10.663	0	/good	InInterest	2
10.673	0	/good	OutData	2
10.860	0	/good	InInterest	3
10.869	0	/good	OutData	3
11.062	0	/good	InInterest	4
11.071	0	/good	OutData	4
11.262	0	/good	InInterest	5
11.271	0	/good	OutData	5
11.464	0	/good	InInterest	6
11.473	0	/good	OutData	6
11.666	0	/good	InInterest	7
11.675	0	/good	OutData	7
11.867	0	/good	InInterest	8
11.876	0	/good	OutData	8
12.067	0	/good	InInterest	9
12.077	0	/good	OutData	9
12.269	0	/good	InInterest	10
12.278	0	/good	OutData	10
12.472	0	/good	InInterest	11
12.480	0	/good	OutData	11
12.671	0	/good	InInterest	12
12.680	0	/good	OutData	12
12.873	0	/good	InInterest	13
12.881	0	/good	OutData	13
13.074	0	/good	InInterest	14
13.082	0	/good	OutData	14
13.276	0	/good	InInterest	15
13.284	0	/good	OutData	15
13.475	0	/good	InInterest	16
13.483	0	/good	OutData	16
13.678	0	/good	InInterest	17
13.687	0	/good	OutData	17
13.880	0	/good	InInterest	18
13.888	0	/good	OutData	18
14.081	0	/good	InInterest	19
14.090	0	/good	OutData	19
14.282	0	/good	InInterest	20
14.290	0	/good	OutData	20
14.484	0	/good	InInterest	21
14.493	0	/good	OutData	21
14.686	0	/good	InInterest	22
14.694	0	/good	OutData	22
14.887	0	/good	InInterest	23
14.895	0	/good	OutData	23
15.087	0	/good	InInterest	24
15.096	0	/good	OutData	24
15.287	0	/good	InInterest	25
15.341	0	/good	OutData	25
15.490	0	/good	InInterest	26
15.498	0	/good	OutData	26
15.690	0	/good	InInterest	27
15.698	0	/good	OutData	27
15.892	0	/good	InInterest	28
15.900	0	/good	OutData	28
16.093	0	/good	InInterest	29
16.101	0	/good	OutData	29
16.294	0	/good	InInterest	30
16.302	0	/good	OutData	30
16.495	0	/good	InInterest	31
16.504	0	/good	OutData	31
16.695	0	/good	InInterest	32
16.703	0	/good	OutData	32
16.896	0	/good	InInterest	33
16.905	0	/good	OutData	33
17.099	0	/good	InInterest	34
17.107	0	/good	OutData	34
17.299	0	/good	InInterest	35
17.308	0	/good	OutData	35
17.501	0	/good	InInterest	36
17.509	0	/good	OutData	36
17.702	0	/good	InInterest	37
17.715	0	/good	OutData	37
17.902	0	/good	InInterest	38
17.911	0	/good	OutData	38
18.104	0	/good	InInterest	39
18.112	0	/good	OutData	39
18.306	0	/good	InInterest	40
18.315	0	/good	OutData	40
18.555	0	/good	InInterest	41
18.563	0	/good	OutData	41
18.757	0	/good	InInterest	42
18.766	0	/good	OutData	42
18.956	0	/good	InInterest	43
18.969	0	/good	OutData	43
19.156	0	/good	InInterest	44
19.164	0	/good	OutData	44
19.358	0	/good	InInterest	45
19.366	0	/good	OutData	45
19.558	0	/good	InInterest	46
19.566	0	/good	OutData	46
19.760	0	/good	InInterest	47
19.772	0	/good	OutData	47
19.961	0	/good	InInterest	48
19.969	0	/good	OutData	48
20.162	0	/good	InInterest	49
20.171	0	/good	OutData	49
20.364	0	/good	InInterest	50
20.393	0	/good	OutData	50
20.565	0	/good	InInterest	51
20.574	0	/good	OutData	51
20.768	0	/good	InInterest	52
20.776	0	/good	OutData	52
20.968	0	/good	InInterest	53
20.977	0	/good	OutData	53
21.171	0	/good	InInterest	54
21.179	0	/good	OutData	54
21.372	0	/good	InInterest	55
21.380	0	/good	OutData	55
21.573	0	/good	InInterest	56
21.582	0	/good	OutData	56
21.774	0	/good	InInterest	57
21.782	0	/good	OutData	57
21.974	0	/good	InInterest	58
21.987	0	/good	OutData	58
22.177	0	/good	InInterest	59
22.185	0	/good	OutData	59
22.378	0	/good	InInterest	60
22.386	0	/good	OutData	60
22.576	0	/good	InInterest	61
22.585	0	/good	OutData	61
22.778	0	/good	InInterest	62
22.786	0	/good	OutData	62
22.980	0	/good	InInterest	63
22.989	0	/good	OutData	63
23.180	0	/good	InInterest	64
23.188	0	/good	OutData	64
23.382	0	/good	InInterest	65
23.390	0	/good	OutData	65
23.608	0	/good	InInterest	66
23.617	0	/good	OutData	66
23.809	0	/good	InInterest	67
23.817	0	/good	OutData	67
24.011	0	/good	InInterest	68
24.019	0	/good	OutData	68
24.212	0	/good	InInterest	69
24.220	0	/good	OutData	69
24.414	0	/good	InInterest	70
24.422	0	/good	OutData	70
24.615	0	/good	InInterest	71
24.623	0	/good	OutData	71
24.817	0	/good	InInterest	72
24.825	0	/good	OutData	72
25.019	0	/good	InInterest	73
25.027	0	/good	OutData	73
25.219	0	/good	InInterest	74
25.227	0	/good	OutData	74
25.420	0	/good	InInterest	75
25.448	0	/good	OutData	75
25.622	0	/good	InInterest	76
25.630	0	/good	OutData	76
25.822	0	/good	InInterest	77
25.837	0	/good	OutData	77
26.023	0	/good	InInterest	78
26.031	0	/good	OutData	78
26.224	0	/good	InInterest	79
26.232	0	/good	OutData	79
26.426	0	/good	InInterest	80
26.434	0	/good	OutData	80
26.630	0	/good	InInterest	81
26.639	0	/good	OutData	81
26.828	0	/good	InInterest	82
26.836	0	/good	OutData	82
27.030	0	/good	InInterest	83
27.038	0	/good	OutData	83
27.232	0	/good	InInterest	84
27.240	0	/good	OutData	84
27.432	0	/good	InInterest	85
27.440	0	/good	OutData	85
27.635	0	/good	InInterest	86
27.643	0	/good	OutData	86
27.835	0	/good	InInterest	87
27.843	0	/good	OutData	87
28.038	0	/good	InInterest	88
28.046	0	/good	OutData	88
28.239	0	/good	InInterest	89
28.247	0	/good	OutData	89
28.440	0	/good	InInterest	90
28.448	0	/good	OutData	90
28.671	0	/good	InInterest	91
28.679	0	/good	OutData	91
28.871	0	/good	InInterest	92
28.879	0	/good	OutData	92
29.072	0	/good	InInterest	93
29.080	0	/good	OutData	93
29.273	0	/good	InInterest	94
29.281	0	/good	OutData	94
29.474	0	/good	InInterest	95
29.482	0	/good	OutData	95
29.675	0	/good	InInterest	96
29.683	0	/good	OutData	96
29.876	0	/good	InInterest	97
29.888	0	/good	OutData	97
30.078	0	/good	InInterest	98
30.086	0	/good	OutData	98
30.277	0	/good	InInterest	99
30.286	0	/good	OutData	99
30.481	0	/good	InInterest	100
30.510	0	/good	OutData	100
30.682	0	/good	InInterest	101
30.690	0	/good	OutData	101
30.883	0	/good	InInterest	102
30.892	0	/good	OutData	102
31.083	0	/good	InInterest	103
31.091	0	/good	OutData	103
31.286	0	/good	InInterest	104
31.295	0	/good	OutData	104
31.488	0	/good	InInterest	105
31.496	0	/good	OutData	105
31.688	0	/good	InInterest	106
31.696	0	/good	OutData	106
31.890	0	/good	InInterest	107
31.898	0	/good	OutData	107
32.090	0	/good	InInterest	108
32.098	0	/good	OutData	108
32.292	0	/good	InInterest	109
32.300	0	/good	OutData	109
32.493	0	/good	InInterest	110
32.501	0	/good	OutData	110
32.693	0	/good	InInterest	111
32.701	0	/good	OutData	111
32.895	0	/good	InInterest	112
32.903	0	/good	OutData	112
33.096	0	/good	InInterest	113
33.104	0	/good	OutData	113
33.297	0	/good	InInterest	114
33.305	0	/good	OutData	114
33.499	0	/good	InInterest	115
33.507	0	/good	OutData	115
33.727	0	/good	InInterest	116
33.735	0	/good	OutData	116
33.927	0	/good	InInterest	117
33.935	0	/good	OutData	117
34.128	0	/good	InInterest	118
34.136	0	/good	OutData	118
34.329	0	/good	InInterest	119
34.337	0	/good	OutData	119
34.534	0	/good	InInterest	120
34.542	0	/good	OutData	120
34.735	0	/good	InInterest	121
34.743	0	/good	OutData	121
34.934	0	/good	InInterest	122
34.942	0	/good	OutData	122
35.135	0	/good	InInterest	123
35.143	0	/good	OutData	123
35.538	0	/good	InInterest	125
35.565	0	/good	OutData	125
35.736	0	/good	InInterest	126
35.744	0	/good	OutData	126
35.938	0	/good	InInterest	127
35.946	0	/good	OutData	127
36.139	0	/good	InInterest	128
36.147	0	/good	OutData	128
36.340	0	/good	InInterest	129
36.348	0	/good	OutData	129
36.542	0	/good	InInterest	130
36.550	0	/good	OutData	130
36.743	0	/good	InInterest	131
36.751	0	/good	OutData	131
36.945	0	/good	InInterest	132
36.953	0	/good	OutData	132
37.146	0	/good	InInterest	133
37.154	0	/good	OutData	133
37.346	0	/good	InInterest	134
37.354	0	/good	OutData	134
37.549	0	/good	InInterest	135
37.557	0	/good	OutData	135
37.749	0	/good	InInterest	136
37.758	0	/good	OutData	136
37.951	0	/good	InInterest	137
37.959	0	/good	OutData	137
38.152	0	/good	InInterest	138
38.160	0	/good	OutData	138
38.355	0	/good	InInterest	139
38.363	0	/good	OutData	139
38.554	0	/good	InInterest	140
38.562	0	/good	OutData	140
38.777	0	/good	InInterest	141
38.785	0	/good	OutData	141
38.978	0	/good	InInterest	142
38.986	0	/good	OutData	142
39.177	0	/good	InInterest	143
39.185	0	/good	OutData	143
39.381	0	/good	InInterest	144
39.389	0	/good	OutData	144
39.581	0	/good	InInterest	145
39.589	0	/good	OutData	145
39.783	0	/good	InInterest	146
39.791	0	/good	OutData	146
39.984	0	/good	InInterest	147
39.992	0	/good	OutData	147
40.185	0	/good	InInterest	148
40.196	0	/good	OutData	148
40.386	0	/good	InInterest	149
40.394	0	/good	OutData	149
40.587	0	/good	InInterest	150
40.621	0	/good	OutData	150
40.789	0	/good	InInterest	151
40.797	0	/good	OutData	151
40.990	0	/good	InInterest	152
40.998	0	/good	OutData	152
41.192	0	/good	InInterest	153
41.200	0	/good	OutData	153
41.393	0	/good	InInterest	154
41.401	0	/good	OutData	154
41.594	0	/good	InInterest	155
41.601	0	/good	OutData	155
41.795	0	/good	InInterest	156
41.803	0	/good	OutData	156
41.996	0	/good	InInterest	157
42.004	0	/good	OutData	157
42.196	0	/good	InInterest	158
42.204	0	/good	OutData	158
42.398	0	/good	InInterest	159
42.406	0	/good	OutData	159
42.601	0	/good	InInterest	160
42.609	0	/good	OutData	160
42.805	0	/good	InInterest	161
42.813	0	/good	OutData	161
43.002	0	/good	InInterest	162
43.010	0	/good	OutData	162
43.202	0	/good	InInterest	163
43.210	0	/good	OutData	163
43.404	0	/good	InInterest	164
43.412	0	/good	OutData	164
43.605	0	/good	InInterest	165
43.613	0	/good	OutData	165
43.823	0	/good	InInterest	166
43.831	0	/good	OutData	166
44.024	0	/good	InInterest	167
44.032	0	/good	OutData	167
44.226	0	/good	InInterest	168
44.234	0	/good	OutData	168
44.428	0	/good	InInterest	169
44.436	0	/good	OutData	169
44.629	0	/good	InInterest	170
44.637	0	/good	OutData	170
44.856	0	/good	InInterest	171
44.864	0	/good	OutData	171
45.076	0	/good	InInterest	172
45.084	0	/good	OutData	172
45.306	0	/good	InInterest	173
45.314	0	/good	OutData	173
45.529	0	/good	InInterest	174
45.537	0	/good	OutData	174
45.753	0	/good	InInterest	175
45.786	0	/good	OutData	175
45.976	0	/good	InInterest	176
45.984	0	/good	OutData	176
46.246	0	/good	InInterest	177
46.254	0	/good	OutData	177
46.567	0	/good	InInterest	178
46.575	0	/good	OutData	178
46.883	0	/good	InInterest	179
46.891	0	/good	OutData	179
47.225	0	/good	InInterest	180
47.233	0	/good	OutData	180
47.599	0	/good	InInterest	181
47.608	0	/good	OutData	181
47.955	0	/good	InInterest	182
47.963	0	/good	OutData	182
48.185	0	/good	InInterest	183
48.194	0	/good	OutData	183
49.557	0	/good	InInterest	189
49.565	0	/good	OutData	189
49.783	0	/good	InInterest	190
49.791	0	/good	OutData	190
50.016	0	/good	InInterest	191
50.024	0	/good	OutData	191
50.242	0	/good	InInterest	192
50.250	0	/good	OutData	192
50.471	0	/good	InInterest	193
50.479	0	/good	OutData	193
50.694	0	/good	InInterest	194
50.702	0	/good	OutData	194
50.914	0	/good	InInterest	195
50.944	0	/good	OutData	195
51.139	0	/good	InInterest	196
51.147	0	/good	OutData	196
51.359	0	/good	InInterest	197
51.367	0	/good	OutData	197
51.592	0	/good	InInterest	198
51.600	0	/good	OutData	198
52.017	0	/good	InInterest	200
52.025	0	/good	OutData	200
52.217	0	/good	InInterest	201
52.225	0	/good	OutData	201
52.416	0	/good	InInterest	202
52.424	0	/good	OutData	202
52.609	0	/good	InInterest	203
52.617	0	/good	OutData	203
54.019	0	/good	InInterest	210
54.031	0	/good	OutData	210
54.219	0	/good	InInterest	211
54.227	0	/good	OutData	211
55.030	0	/good	InInterest	215
55.038	0	/good	OutData	215
55.449	0	/good	InInterest	217
55.457	0	/good	OutData	217
55.648	0	/good	InInterest	218
55.656	0	/good	OutData	218
55.847	0	/good	InInterest	219
55.856	0	/good	OutData	219
56.453	0	/good	InInterest	222
56.461	0	/good	OutData	222
56.652	0	/good	InInterest	223
56.660	0	/good	OutData	223
56.852	0	/good	InInterest	224
56.860	0	/good	OutData	224
57.058	0	/good	InInterest	225
57.066	0	/good	OutData	225
57.257	0	/good	InInterest	226
57.265	0	/good	OutData	226
57.457	0	/good	InInterest	227
57.465	0	/good	OutData	227
57.656	0	/good	InInterest	228
57.664	0	/good	OutData	228
57.862	0	/good	InInterest	229
57.870	0	/good	OutData	229
58.061	0	/good	InInterest	230
58.069	0	/good	OutData	230
58.262	0	/good	InInterest	231
58.270	0	/good	OutData	231
58.469	0	/good	InInterest	232
58.477	0	/good	OutData	232
58.667	0	/good	InInterest	233
58.675	0	/good	OutData	233
58.866	0	/good	InInterest	234
58.874	0	/good	OutData	234
59.460	0	/good	InInterest	237
59.469	0	/good	OutData	237
59.667	0	/good	InInterest	238
59.675	0	/good	OutData	238
60.278	0	/good	InInterest	241
60.286	0	/good	OutData	241
60.751	0	/good	InInterest	243
60.759	0	/good	OutData	243
61.269	0	/good	InInterest	246
61.277	0	/good	OutData	246
61.881	0	/good	InInterest	249
61.914	0	/good	OutData	249
62.081	0	/good	InInterest	250
62.089	0	/good	OutData	250
62.353	0	/good	InInterest	251
62.362	0	/good	OutData	251
62.480	0	/good	InInterest	252
62.488	0	/good	OutData	252
62.959	0	/good	InInterest	254
62.967	0	/good	OutData	254
64.374	0	/good	InInterest	256
64.384	0	/good	OutData	256
64.533	0	/good	InInterest	265
64.542	0	/good	OutData	265
64.781	0	/good	InInterest	266
64.789	0	/good	OutData	266
65.193	0	/good	InInterest	268
65.201	0	/good	OutData	268
65.399	0	/good	InInterest	269
65.407	0	/good	OutData	269
65.612	0	/good	InInterest	270
65.621	0	/good	OutData	270
66.017	0	/good	InInterest	272
66.026	0	/good	OutData	272
66.436	0	/good	InInterest	274
66.445	0	/good	OutData	274
66.848	0	/good	InInterest	276
66.856	0	/good	OutData	276
68.099	0	/good	InInterest	282
68.107	0	/good	OutData	282
69.541	0	/good	InInterest	289
69.549	0	/good	OutData	289
69.987	0	/good	InInterest	291
69.995	0	/good	OutData	291
70.605	0	/good	InInterest	294
70.614	0	/good	OutData	294
70.645	0	/good	InInterest	295
70.653	0	/good	OutData	295
70.739	0	/good	InInterest	296
70.747	0	/good	OutData	296
70.865	0	/good	InInterest	297
70.873	0	/good	OutData	297
70.937	0	/good	InInterest	298
70.945	0	/good	OutData	298
70.946	0	/good	InInterest	299
70.954	0	/good	OutData	299
70.955	0	/good	InInterest	300
70.963	0	/good	OutData	300
71.022	0	/good	InInterest	301
71.030	0	/good	OutData	301
71.225	0	/good	InInterest	302
71.233	0	/good	OutData	302
71.425	0	/good	InInterest	303
71.437	0	/good	OutData	303
71.628	0	/good	InInterest	304
71.638	0	/good	OutData	304
71.828	0	/good	InInterest	305
71.836	0	/good	OutData	305
72.027	0	/good	InInterest	306
72.035	0	/good	OutData	306
72.230	0	/good	InInterest	307
72.238	0	/good	OutData	307
72.431	0	/good	InInterest	308
72.439	0	/good	OutData	308
72.632	0	/good	InInterest	309
72.640	0	/good	OutData	309
72.833	0	/good	InInterest	310
72.841	0	/good	OutData	310
73.033	0	/good	InInterest	311
73.042	0	/good	OutData	311
73.235	0	/good	InInterest	312
73.269	0	/good	OutData	312
73.436	0	/good	InInterest	313
73.444	0	/good	OutData	313
73.638	0	/good	InInterest	314
73.646	0	/good	OutData	314
73.839	0	/good	InInterest	315
73.847	0	/good	OutData	315
74.083	0	/good	InInterest	316
74.091	0	/good	OutData	316
74.283	0	/good	InInterest	317
74.291	0	/good	OutData	317
74.487	0	/good	InInterest	318
74.495	0	/good	OutData	318
74.686	0	/good	InInterest	319
74.694	0	/good	OutData	319
74.887	0	/good	InInterest	320
74.895	0	/good	OutData	320
75.087	0	/good	InInterest	321
75.095	0	/good	OutData	321
75.287	0	/good	InInterest	322
75.296	0	/good	OutData	322
75.489	0	/good	InInterest	323
75.497	0	/good	OutData	323
75.690	0	/good	InInterest	324
75.698	0	/good	OutData	324
75.891	0	/good	InInterest	325
75.899	0	/good	OutData	325
76.092	0	/good	InInterest	326
76.100	0	/good	OutData	326
76.294	0	/good	InInterest	327
76.302	0	/good	OutData	327
76.494	0	/good	InInterest	328
76.502	0	/good	OutData	328
76.695	0	/good	InInterest	329
76.703	0	/good	OutData	329
76.896	0	/good	InInterest	330
76.909	0	/good	OutData	330
77.098	0	/good	InInterest	331
77.106	0	/good	OutData	331
77.300	0	/good	InInterest	332
77.308	0	/good	OutData	332
77.499	0	/good	InInterest	333
77.507	0	/good	OutData	333
77.702	0	/good	InInterest	334
77.710	0	/good	OutData	334
77.902	0	/good	InInterest	335
77.910	0	/good	OutData	335
78.103	0	/good	InInterest	336
78.111	0	/good	OutData	336
78.304	0	/good	InInterest	337
78.312	0	/good	OutData	337
78.507	0	/good	InInterest	338
78.515	0	/good	OutData	338
78.706	0	/good	InInterest	339
78.714	0	/good	OutData	339
78.906	0	/good	InInterest	340
78.914	0	/good	OutData	340
79.150	0	/good	InInterest	341
79.158	0	/good	OutData	341
79.351	0	/good	InInterest	342
79.359	0	/good	OutData	342
79.553	0	/good	InInterest	343
79.561	0	/good	OutData	343
79.754	0	/good	InInterest	344
79.762	0	/good	OutData	344
79.955	0	/good	InInterest	345
79.962	0	/good	OutData	345
80.156	0	/good	InInterest	346
80.164	0	/good	OutData	346
80.356	0	/good	InInterest	347
80.364	0	/good	OutData	347
80.559	0	/good	InInterest	348
80.567	0	/good	OutData	348
80.760	0	/good	InInterest	349
80.768	0	/good	OutData	349
80.961	0	/good	InInterest	350
80.969	0	/good	OutData	350
81.162	0	/good	InInterest	351
81.170	0	/good	OutData	351
81.361	0	/good	InInterest	352
81.369	0	/good	OutData	352
81.565	0	/good	InInterest	353
81.576	0	/good	OutData	353
81.766	0	/good	InInterest	354
81.774	0	/good	OutData	354
81.968	0	/good	InInterest	355
81.976	0	/good	OutData	355
82.167	0	/good	InInterest	356
82.175	0	/good	OutData	356
82.368	0	/good	InInterest	357
82.376	0	/good	OutData	357
82.570	0	/good	InInterest	358
82.578	0	/good	OutData	358
82.775	0	/good	InInterest	359
82.783	0	/good	OutData	359
82.972	0	/good	InInterest	360
82.980	0	/good	OutData	360
83.173	0	/good	InInterest	361
83.180	0	/good	OutData	361
83.374	0	/good	InInterest	362
83.402	0	/good	OutData	362
83.575	0	/good	InInterest	363
83.583	0	/good	OutData	363
83.777	0	/good	InInterest	364
83.785	0	/good	OutData	364
83.976	0	/good	InInterest	365
83.984	0	/good	OutData	365
84.201	0	/good	InInterest	366
84.209	0	/good	OutData	366
84.400	0	/good	InInterest	367
84.408	0	/good	OutData	367
84.602	0	/good	InInterest	368
84.611	0	/good	OutData	368
84.803	0	/good	InInterest	369
84.811	0	/good	OutData	369
85.004	0	/good	InInterest	370
85.012	0	/good	OutData	370
85.205	0	/good	InInterest	371
85.213	0	/good	OutData	371
85.405	0	/good	InInterest	372
85.413	0	/good	OutData	372
85.607	0	/good	InInterest	373
85.616	0	/good	OutData	373
85.809	0	/good	InInterest	374
85.817	0	/good	OutData	374
86.010	0	/good	InInterest	375
86.017	0	/good	OutData	375
86.211	0	/good	InInterest	376
86.219	0	/good	OutData	376
86.413	0	/good	InInterest	377
86.420	0	/good	OutData	377
86.616	0	/good	InInterest	378
86.624	0	/good	OutData	378
86.814	0	/good	InInterest	379
86.822	0	/good	OutData	379
87.014	0	/good	InInterest	380
87.022	0	/good	OutData	380
87.216	0	/good	InInterest	381
87.224	0	/good	OutData	381
87.419	0	/good	InInterest	382
87.427	0	/good	OutData	382
87.619	0	/good	InInterest	383
87.627	0	/good	OutData	383
87.820	0	/good	InInterest	384
87.828	0	/good	OutData	384
88.022	0	/good	InInterest	385
88.030	0	/good	OutData	385
88.222	0	/good	InInterest	386
88.230	0	/good	OutData	386
88.423	0	/good	InInterest	387
88.458	0	/good	OutData	387
88.625	0	/good	InInterest	388
88.633	0	/good	OutData	388
88.825	0	/good	InInterest	389
88.832	0	/good	OutData	389
89.025	0	/good	InInterest	390
89.033	0	/good	OutData	390
89.248	0	/good	InInterest	391
89.256	0	/good	OutData	391
89.451	0	/good	InInterest	392
89.459	0	/good	OutData	392
89.652	0	/good	InInterest	393
89.660	0	/good	OutData	393
89.853	0	/good	InInterest	394
89.861	0	/good	OutData	394
90.054	0	/good	InInterest	395
90.062	0	/good	OutData	395
90.257	0	/good	InInterest	396
90.265	0	/good	OutData	396
90.458	0	/good	InInterest	397
90.466	0	/good	OutData	397
90.663	0	/good	InInterest	398
90.671	0	/good	OutData	398
90.860	0	/good	InInterest	399
90.868	0	/good	OutData	399
91.060	0	/good	InInterest	400
91.067	0	/good	OutData	400
91.262	0	/good	InInterest	401
91.270	0	/good	OutData	401
91.461	0	/good	InInterest	402
91.469	0	/good	OutData	402
91.664	0	/good	InInterest	403
91.677	0	/good	OutData	403
91.864	0	/good	InInterest	404
91.872	0	/good	OutData	404
92.064	0	/good	InInterest	405
92.072	0	/good	OutData	405
92.266	0	/good	InInterest	406
92.274	0	/good	OutData	406
92.467	0	/good	InInterest	407
92.475	0	/good	OutData	407
92.668	0	/good	InInterest	408
92.676	0	/good	OutData	408
92.869	0	/good	InInterest	409
92.877	0	/good	OutData	409
93.070	0	/good	InInterest	410
93.078	0	/good	OutData	410
93.270	0	/good	InInterest	411
93.278	0	/good	OutData	411
93.473	0	/good	InInterest	412
93.503	0	/good	OutData	412
93.674	0	/good	InInterest	413
93.682	0	/good	OutData	413
93.876	0	/good	InInterest	414
93.883	0	/good	OutData	414
94.077	0	/good	InInterest	415
94.085	0	/good	OutData	415
94.300	0	/good	InInterest	416
94.307	0	/good	OutData	416
94.501	0	/good	InInterest	417
94.509	0	/good	OutData	417
94.701	0	/good	InInterest	418
94.709	0	/good	OutData	418
94.902	0	/good	InInterest	419
94.910	0	/good	OutData	419
95.103	0	/good	InInterest	420
95.111	0	/good	OutData	420
95.305	0	/good	InInterest	421
95.313	0	/good	OutData	421
95.504	0	/good	InInterest	422
95.512	0	/good	OutData	422
95.706	0	/good	InInterest	423
95.713	0	/good	OutData	423
95.907	0	/good	InInterest	424
95.915	0	/good	OutData	424
96.107	0	/good	InInterest	425
96.117	0	/good	OutData	425
96.309	0	/good	InInterest	426
96.317	0	/good	OutData	426
96.509	0	/good	InInterest	427
96.517	0	/good	OutData	427
96.711	0	/good	InInterest	428
96.718	0	/good	OutData	428
96.912	0	/good	InInterest	429
96.920	0	/good	OutData	429
97.114	0	/good	InInterest	430
97.121	0	/good	OutData	430
97.314	0	/good	InInterest	431
97.322	0	/good	OutData	431
97.515	0	/good	InInterest	432
97.523	0	/good	OutData	432
97.717	0	/good	InInterest	433
97.725	0	/good	OutData	433
97.916	0	/good	InInterest	434
97.924	0	/good	OutData	434
98.118	0	/good	InInterest	435
98.126	0	/good	OutData	435
98.318	0	/good	InInterest	436
98.326	0	/good	OutData	436
98.524	0	/good	InInterest	437
98.553	0	/good	OutData	437
98.726	0	/good	InInterest	438
98.734	0	/good	OutData	438
98.921	0	/good	InInterest	439
98.929	0	/good	OutData	439
99.122	0	/good	InInterest	440
99.130	0	/good	OutData	440
